ETCUSDT,5m,open18.92,closeprice18.84,dfname2023-07-12_19:50:00,starttime2023-07-13_00:55:05.63,exittime2023-07-13 01:47:59.53,exitreasonReason: Stop L-0.41%
BTCUSDT,5m,open30517.16,closeprice30343.99,dfname2023-07-12_21:30:00,starttime2023-07-13_02:35:04.95,exittime2023-07-13 03:23:54.88,exitreasonReason: Stop L-0.40%
ETHUSDT,5m,open1888.01,closeprice1877.39,dfname2023-07-12_20:05:00,starttime2023-07-13_01:10:04.97,exittime2023-07-13 03:23:57.19,exitreasonReason: Stop L-0.45%
SOLUSDT,5m,open22.12,closeprice21.91,dfname2023-07-12_23:40:00,starttime2023-07-13_04:45:05.42,exittime2023-07-13 08:01:14.77,exitreasonReason: Stop L-0.93%
MATICUSDT,5m,open0.7236,closeprice0.72,dfname2023-07-13_00:50:00,starttime2023-07-13_05:55:05.56,exittime2023-07-13 08:49:35.56,exitreasonReason: Stop L-0.47%
ETCUSDT,5m,open18.72,closeprice18.69,dfname2023-07-13_02:05:00,starttime2023-07-13_07:10:04.96,exittime2023-07-13 08:49:35.77,exitreasonReason: Stop L-0.10%
BNBUSDT,5m,open244.3,closeprice243.0,dfname2023-07-13_02:45:00,starttime2023-07-13_07:50:05.33,exittime2023-07-13 08:51:24.16,exitreasonReason: Stop L-0.53%
ETCUSDT,5m,open18.82,closeprice18.68,dfname2023-07-13_02:40:00,starttime2023-07-13_07:45:06.17,exittime2023-07-13 08:52:41.48,exitreasonReason: Stop L-0.72%
SHIBUSDT,5m,open7.53e-06,closeprice7.46e-06,dfname2023-07-13_02:40:00,starttime2023-07-13_07:45:06.27,exittime2023-07-13 08:56:24.43,exitreasonReason: Stop L-0.86%
BCHUSDT,15m,open283.3,closeprice281.2,dfname2023-07-13_02:30:00,starttime2023-07-13_07:45:06.51,exittime2023-07-13 09:19:35.20,exitreasonReason: Stop L-0.67%
WAVESUSDT,15m,open2.045,closeprice2.001,dfname2023-07-13_02:00:00,starttime2023-07-13_07:15:05.67,exittime2023-07-13 11:27:05.03,exitreasonReason: Stop L-2.10%
BTCUSDT,5m,open30408.01,closeprice30281.99,dfname2023-07-13_02:45:00,starttime2023-07-13_07:50:05.10,exittime2023-07-13 11:30:01.58,exitreasonReason: Stop L-0.40%
BNBUSDT,5m,open244.3,closeprice243.0,dfname2023-07-13_04:55:00,starttime2023-07-13_10:00:05.42,exittime2023-07-13 11:35:54.47,exitreasonReason: Stop L-0.53%
LTCUSDT,5m,open97.43,closeprice99.61,dfname2023-07-13_08:35:00,starttime2023-07-13_13:40:05.58,exittime2023-07-13 14:34:33.10,exitreasonReason: Stop L2.24%
ETCUSDT,5m,open18.84,closeprice18.99,dfname2023-07-13_09:10:00,starttime2023-07-13_14:15:04.98,exittime2023-07-13 14:38:10.91,exitreasonReason: Stop L0.85%
LTCUSDT,5m,open96.36,closeprice99.52,dfname2023-07-13_07:20:00,starttime2023-07-13_12:25:04.42,exittime2023-07-13 14:38:41.56,exitreasonReason: Stop L3.31%
BCHUSDT,5m,open287.5,closeprice286.1,dfname2023-07-13_10:05:00,starttime2023-07-13_15:10:04.88,exittime2023-07-13 15:18:00.81,exitreasonReason: Stop L-0.48%
MATICUSDT,5m,open0.7189,closeprice0.725,dfname2023-07-13_07:35:00,starttime2023-07-13_12:40:05.40,exittime2023-07-13 15:45:51.44,exitreasonReason: Stop L0.88%
AVAXUSDT,5m,open13.01,closeprice13.04,dfname2023-07-13_07:35:00,starttime2023-07-13_12:40:05.13,exittime2023-07-13 15:51:22.68,exitreasonReason: Stop L0.26%
WAVESUSDT,5m,open2.001,closeprice1.981,dfname2023-07-13_09:30:00,starttime2023-07-13_14:35:05.57,exittime2023-07-13 16:06:37.26,exitreasonReason: Stop L-0.95%
BCHUSDT,30m,open284.1,closeprice282.6,dfname2023-07-13_03:00:00,starttime2023-07-13_08:30:05.88,exittime2023-07-13 16:37:23.89,exitreasonReason: Stop L-0.50%
MATICUSDT,15m,open0.7246,closeprice0.7584,dfname2023-07-13_09:00:00,starttime2023-07-13_14:15:07.61,exittime2023-07-13 18:01:38.62,exitreasonReason: Stop L4.67%
SOLUSDT,5m,open22.4,closeprice22.37,dfname2023-07-13_14:50:00,starttime2023-07-13_19:55:05.69,exittime2023-07-13 20:18:29.37,exitreasonReason: Stop L-0.11%
SOLUSDT,5m,open22.47,closeprice22.35,dfname2023-07-13_15:00:00,starttime2023-07-13_20:05:04.77,exittime2023-07-13 20:18:41.56,exitreasonReason: Stop L-0.52%
BTCUSDT,5m,open30666.89,closeprice30542.0,dfname2023-07-13_16:40:00,starttime2023-07-13_21:45:06.41,exittime2023-07-13 22:07:02.41,exitreasonReason: Stop L-0.40%
WAVESUSDT,5m,open2.009,closeprice2.004,dfname2023-07-13_17:05:00,starttime2023-07-13_22:10:05.12,exittime2023-07-13 22:24:08.44,exitreasonReason: Stop L0.30%
BCHUSDT,5m,open286.1,closeprice286.0,dfname2023-07-13_18:25:00,starttime2023-07-13_23:30:13.43,exittime2023-07-13 23:34:31.11,exitreasonReason: Stop L-0.00%
BTCUSDT,5m,open30812.6,closeprice30980.61,dfname2023-07-13_18:25:00,starttime2023-07-13_23:30:06.43,exittime2023-07-13 23:47:15.00,exitreasonReason: Stop L0.75%
ARBUSDT,5m,open1.1446,closeprice1.1639,dfname2023-07-13_18:25:00,starttime2023-07-13_23:30:13.77,exittime2023-07-13 23:47:17.24,exitreasonReason: Stop L1.69%
BNBUSDT,5m,open247.7,closeprice251.8,dfname2023-07-13_18:25:00,starttime2023-07-13_23:30:12.97,exittime2023-07-13 23:47:23.28,exitreasonReason: Stop L1.81%
WAVESUSDT,5m,open2.016,closeprice2.028,dfname2023-07-13_18:35:00,starttime2023-07-13_23:40:05.34,exittime2023-07-13 23:55:00.07,exitreasonReason: Stop L0.72%
SHIBUSDT,5m,open7.78e-06,closeprice7.74e-06,dfname2023-07-13_19:15:00,starttime2023-07-14_00:20:06.10,exittime2023-07-14 00:31:20.86,exitreasonReason: Stop L-0.50%
SHIBUSDT,5m,open7.58e-06,closeprice7.73e-06,dfname2023-07-13_18:25:00,starttime2023-07-13_23:30:13.84,exittime2023-07-14 00:31:45.89,exitreasonReason: Stop L1.99%
