CITYUSDT,5m,open3.48,closeprice3.495,dfname2023-07-27_22:55:00,starttime2023-07-27_22:59:55.03,exittime23:02:25.35,exitreasonReason: StopLoss0.50%
BARUSDT,5m,open2.845,closeprice2.808,dfname2023-07-27_23:00:00,starttime2023-07-27_23:04:54.54,exittime23:09:21.39,exitreasonReason: StopLoss-1.28%
AUCTIONUSDT,5m,open10.22,closeprice10.31,dfname2023-07-27_23:05:00,starttime2023-07-27_23:09:57.99,exittime23:15:06.85,exitreasonReason: StopLoss0.98%
CITYUSDT,5m,open3.475,closeprice3.491,dfname2023-07-27_23:35:00,starttime2023-07-27_23:39:57.37,exittime23:52:43.78,exitreasonReason: StopLoss0.50%
PSGUSDT,5m,open4.03,closeprice3.96,dfname2023-07-27_23:30:00,starttime2023-07-27_23:34:57.47,exittime23:58:35.30,exitreasonReason: StopLoss-1.52%
CHESSUSDT,5m,open0.167,closeprice0.1676,dfname2023-07-28_00:00:00,starttime2023-07-28_00:04:57.92,exittime00:06:16.26,exitreasonReason: StopLoss0.50%
BONDUSDT,5m,open3.155,closeprice3.087,dfname2023-07-27_23:55:00,starttime2023-07-27_23:59:57.14,exittime00:13:40.09,exitreasonReason: StopLoss-1.76%
BONDUSDT,5m,open3.156,closeprice3.089,dfname2023-07-27_23:45:00,starttime2023-07-27_23:49:57.63,exittime00:13:41.28,exitreasonReason: StopLoss-1.76%
WANUSDT,5m,open0.2334,closeprice0.2334,dfname2023-07-28_00:15:00,starttime2023-07-28_00:19:57.60,exittime00:21:45.41,exitreasonReason: StopLoss0.50%
BONDUSDT,5m,open3.233,closeprice3.245,dfname2023-07-28_00:25:00,starttime2023-07-28_00:29:57.96,exittime00:35:31.71,exitreasonReason: StopLoss0.50%
CHESSUSDT,5m,open0.1592,closeprice0.1567,dfname2023-07-28_00:30:00,starttime2023-07-28_00:34:57.72,exittime00:41:31.23,exitreasonReason: StopLoss-1.52%
YGGUSDT,5m,open0.1894,closeprice0.1901,dfname2023-07-28_00:50:00,starttime2023-07-28_00:54:58.18,exittime00:58:04.46,exitreasonReason: StopLoss0.50%
CHESSUSDT,5m,open0.1586,closeprice0.1561,dfname2023-07-28_00:35:00,starttime2023-07-28_00:39:57.45,exittime01:00:02.11,exitreasonReason: StopLoss-1.52%
WANUSDT,5m,open0.2312,closeprice0.2264,dfname2023-07-28_01:00:00,starttime2023-07-28_01:04:57.04,exittime01:06:50.22,exitreasonReason: StopLoss-1.76%
BARUSDT,5m,open2.73,closeprice2.738,dfname2023-07-28_00:40:00,starttime2023-07-28_00:44:57.13,exittime01:15:28.00,exitreasonReason: StopLoss0.50%
BONDUSDT,5m,open3.219,closeprice3.154,dfname2023-07-28_01:05:00,starttime2023-07-28_01:09:57.64,exittime01:16:04.64,exitreasonReason: StopLoss-2.00%
VGXUSDT,5m,open0.1541,closeprice0.1543,dfname2023-07-28_01:25:00,starttime2023-07-28_01:29:57.77,exittime01:38:50.18,exitreasonReason: StopLoss0.50%
AGLDUSDT,5m,open0.667,closeprice0.67,dfname2023-07-28_01:35:00,starttime2023-07-28_01:39:57.17,exittime01:48:02.94,exitreasonReason: StopLoss0.50%
WANUSDT,5m,open0.2328,closeprice0.2286,dfname2023-07-28_01:45:00,starttime2023-07-28_01:49:57.62,exittime01:52:31.04,exitreasonReason: StopLoss-1.76%
WANUSDT,5m,open0.2376,closeprice0.2382,dfname2023-07-28_02:05:00,starttime2023-07-28_02:09:57.62,exittime02:12:38.29,exitreasonReason: StopLoss0.50%
ASRUSDT,5m,open2.711,closeprice2.663,dfname2023-07-28_01:20:00,starttime2023-07-28_01:24:54.68,exittime02:39:06.43,exitreasonReason: StopLoss-1.76%
FIOUSDT,5m,open0.02216,closeprice0.02175,dfname2023-07-28_02:30:00,starttime2023-07-28_02:34:57.18,exittime02:42:26.34,exitreasonReason: StopLoss-1.76%
VGXUSDT,5m,open0.1626,closeprice0.1656,dfname2023-07-28_02:50:00,starttime2023-07-28_02:54:58.36,exittime03:03:59.14,exitreasonReason: StopLoss1.94%
WANUSDT,5m,open0.2308,closeprice0.2318,dfname2023-07-28_02:55:00,starttime2023-07-28_02:59:57.83,exittime03:04:30.47,exitreasonReason: StopLoss0.50%
WANUSDT,5m,open0.2257,closeprice0.228,dfname2023-07-28_03:20:00,starttime2023-07-28_03:24:57.91,exittime03:55:00.60,exitreasonReason: StopLoss1.22%
PSGUSDT,5m,open4.01,closeprice4.03,dfname2023-07-28_04:10:00,starttime2023-07-28_04:14:57.19,exittime04:21:16.69,exitreasonReason: StopLoss0.50%
GHSTUSDT,5m,open1.044,closeprice1.044,dfname2023-07-28_04:15:00,starttime2023-07-28_04:19:57.00,exittime04:22:26.56,exitreasonReason: StopLoss0.50%
CITYUSDT,5m,open3.482,closeprice3.412,dfname2023-07-28_04:20:00,starttime2023-07-28_04:24:57.70,exittime05:00:12.20,exitreasonReason: StopLoss-2.00%
UMAUSDT,5m,open1.68,closeprice1.649,dfname2023-07-28_05:25:00,starttime2023-07-28_05:29:57.48,exittime05:42:57.02,exitreasonReason: StopLoss-1.76%
AKROUSDT,5m,open0.00513,closeprice0.00501,dfname2023-07-28_05:40:00,starttime2023-07-28_05:44:57.66,exittime05:45:13.10,exitreasonReason: StopLoss-2.00%
YGGUSDT,5m,open0.195,closeprice0.1956,dfname2023-07-28_06:00:00,starttime2023-07-28_06:04:57.71,exittime06:07:52.81,exitreasonReason: StopLoss0.50%
BONDUSDT,5m,open3.041,closeprice3.055,dfname2023-07-28_05:50:00,starttime2023-07-28_05:54:58.44,exittime06:09:52.04,exitreasonReason: StopLoss0.50%
YGGUSDT,5m,open0.1904,closeprice0.194,dfname2023-07-28_05:00:00,starttime2023-07-28_05:04:57.68,exittime06:21:17.06,exitreasonReason: StopLoss1.94%
VGXUSDT,5m,open0.1588,closeprice0.1583,dfname2023-07-28_05:55:00,starttime2023-07-28_05:59:58.23,exittime06:22:55.81,exitreasonReason: StopLoss0.50%
PSGUSDT,5m,open4.01,closeprice3.93,dfname2023-07-28_06:25:00,starttime2023-07-28_06:29:57.79,exittime06:59:31.67,exitreasonReason: StopLoss-1.76%
CHESSUSDT,5m,open0.1616,closeprice0.1589,dfname2023-07-28_05:45:00,starttime2023-07-28_05:49:57.56,exittime08:03:47.84,exitreasonReason: StopLoss-1.52%
ZENUSDT,5m,open9.9,closeprice9.93,dfname2023-07-28_08:05:00,starttime2023-07-28_08:09:57.30,exittime08:15:10.20,exitreasonReason: StopLoss0.50%
WANUSDT,5m,open0.2292,closeprice0.2302,dfname2023-07-28_08:15:00,starttime2023-07-28_08:19:57.85,exittime08:28:55.41,exitreasonReason: StopLoss0.50%
ASTRUSDT,5m,open0.0544,closeprice0.0537,dfname2023-07-28_08:40:00,starttime2023-07-28_08:44:57.27,exittime09:00:11.74,exitreasonReason: StopLoss-1.28%
ERNUSDT,5m,open1.727,closeprice1.69,dfname2023-07-28_08:55:00,starttime2023-07-28_08:59:58.13,exittime09:03:01.69,exitreasonReason: StopLoss-2.00%
JUVUSDT,5m,open2.713,closeprice2.725,dfname2023-07-28_09:05:00,starttime2023-07-28_09:09:57.62,exittime09:12:06.98,exitreasonReason: StopLoss0.50%
JUVUSDT,5m,open2.639,closeprice2.733,dfname2023-07-28_09:00:00,starttime2023-07-28_09:04:57.40,exittime09:27:44.52,exitreasonReason: StopLoss3.62%
PSGUSDT,5m,open4.06,closeprice3.97,dfname2023-07-28_09:20:00,starttime2023-07-28_09:24:57.80,exittime09:53:54.63,exitreasonReason: StopLoss-2.00%
BARUSDT,5m,open2.78,closeprice2.724,dfname2023-07-28_09:15:00,starttime2023-07-28_09:19:57.74,exittime09:57:19.04,exitreasonReason: StopLoss-2.00%
STMXUSDT,5m,open0.006192,closeprice0.006222,dfname2023-07-28_10:20:00,starttime2023-07-28_10:24:57.72,exittime10:27:12.39,exitreasonReason: StopLoss0.50%
GTCUSDT,5m,open1.018,closeprice1.023,dfname2023-07-28_10:25:00,starttime2023-07-28_10:29:57.59,exittime10:39:50.87,exitreasonReason: StopLoss0.50%
IMXUSDT,5m,open0.8023,closeprice0.784,dfname2023-07-28_10:30:00,starttime2023-07-28_10:34:57.79,exittime10:40:29.22,exitreasonReason: StopLoss-2.00%
AKROUSDT,5m,open0.00478,closeprice0.0047,dfname2023-07-28_07:35:00,starttime2023-07-28_07:39:57.96,exittime10:44:47.30,exitreasonReason: StopLoss-1.52%
ASTRUSDT,5m,open0.054,closeprice0.0542,dfname2023-07-28_09:45:00,starttime2023-07-28_09:49:57.52,exittime11:05:05.18,exitreasonReason: StopLoss0.50%
ASTRUSDT,5m,open0.0542,closeprice0.0544,dfname2023-07-28_10:00:00,starttime2023-07-28_10:04:57.59,exittime11:08:48.25,exitreasonReason: StopLoss0.50%
GTCUSDT,5m,open1.039,closeprice1.044,dfname2023-07-28_11:00:00,starttime2023-07-28_11:04:57.78,exittime11:14:05.62,exitreasonReason: StopLoss0.50%
GTCUSDT,5m,open1.024,closeprice1.031,dfname2023-07-28_10:35:00,starttime2023-07-28_10:39:56.99,exittime11:23:49.13,exitreasonReason: StopLoss0.74%
VGXUSDT,5m,open0.1575,closeprice0.1581,dfname2023-07-28_11:15:00,starttime2023-07-28_11:19:57.11,exittime11:44:43.01,exitreasonReason: StopLoss0.50%
DEGOUSDT,5m,open1.629,closeprice1.592,dfname2023-07-28_11:50:00,starttime2023-07-28_11:54:57.62,exittime12:10:06.14,exitreasonReason: StopLoss-2.00%
AKROUSDT,5m,open0.00477,closeprice0.00478,dfname2023-07-28_11:35:00,starttime2023-07-28_11:39:57.38,exittime12:21:15.93,exitreasonReason: StopLoss0.50%
COMBOUSDT,5m,open0.668,closeprice0.656,dfname2023-07-28_12:10:00,starttime2023-07-28_12:14:57.74,exittime12:24:29.72,exitreasonReason: StopLoss-1.52%
JUVUSDT,5m,open2.533,closeprice2.487,dfname2023-07-28_11:25:00,starttime2023-07-28_11:29:57.77,exittime12:28:35.34,exitreasonReason: StopLoss-1.76%
UMAUSDT,5m,open1.676,closeprice1.746,dfname2023-07-28_12:30:00,starttime2023-07-28_12:34:58.02,exittime12:48:32.94,exitreasonReason: StopLoss4.34%
UMAUSDT,5m,open1.765,closeprice1.746,dfname2023-07-28_12:40:00,starttime2023-07-28_12:44:57.61,exittime12:48:33.33,exitreasonReason: StopLoss-1.04%
UMAUSDT,5m,open1.727,closeprice1.741,dfname2023-07-28_12:35:00,starttime2023-07-28_12:39:57.57,exittime12:48:51.21,exitreasonReason: StopLoss0.98%
VGXUSDT,5m,open0.1553,closeprice0.1532,dfname2023-07-28_12:25:00,starttime2023-07-28_12:29:57.22,exittime13:00:53.58,exitreasonReason: StopLoss-1.28%
COMBOUSDT,5m,open0.659,closeprice0.647,dfname2023-07-28_13:10:00,starttime2023-07-28_13:14:57.51,exittime13:42:29.27,exitreasonReason: StopLoss-1.76%
WINUSDT,5m,open7.3e-05,closeprice7.33e-05,dfname2023-07-28_13:05:00,starttime2023-07-28_13:09:58.25,exittime13:50:05.66,exitreasonReason: StopLoss0.50%
WANUSDT,5m,open0.247,closeprice0.248,dfname2023-07-28_14:10:00,starttime2023-07-28_14:14:57.88,exittime14:18:13.78,exitreasonReason: StopLoss0.50%
ASTUSDT,5m,open0.1202,closeprice0.1195,dfname2023-07-28_14:25:00,starttime2023-07-28_14:29:57.57,exittime14:32:11.90,exitreasonReason: StopLoss0.50%
ASTRUSDT,5m,open0.0553,closeprice0.0555,dfname2023-07-28_14:15:00,starttime2023-07-28_14:19:57.73,exittime14:46:49.82,exitreasonReason: StopLoss0.50%
JUVUSDT,5m,open2.512,closeprice2.522,dfname2023-07-28_15:00:00,starttime2023-07-28_15:04:57.96,exittime15:18:35.69,exitreasonReason: StopLoss0.50%
ASRUSDT,5m,open2.67,closeprice2.677,dfname2023-07-28_15:15:00,starttime2023-07-28_15:19:57.57,exittime15:23:13.75,exitreasonReason: StopLoss0.50%
ATMUSDT,5m,open2.922,closeprice2.859,dfname2023-07-28_15:40:00,starttime2023-07-28_15:44:57.39,exittime15:51:04.14,exitreasonReason: StopLoss-2.00%
VGXUSDT,5m,open0.1606,closeprice0.1613,dfname2023-07-28_15:45:00,starttime2023-07-28_15:49:58.09,exittime15:53:59.59,exitreasonReason: StopLoss0.50%
VGXUSDT,5m,open0.1624,closeprice0.1629,dfname2023-07-28_15:50:00,starttime2023-07-28_15:54:57.12,exittime15:57:11.46,exitreasonReason: StopLoss0.50%
YGGUSDT,5m,open0.1842,closeprice0.1849,dfname2023-07-28_14:30:00,starttime2023-07-28_14:34:57.14,exittime16:00:04.92,exitreasonReason: StopLoss0.50%
JASMYUSDT,5m,open0.004159,closeprice0.004094,dfname2023-07-28_15:20:00,starttime2023-07-28_15:24:57.02,exittime16:05:59.49,exitreasonReason: StopLoss-1.52%
JUVUSDT,5m,open2.625,closeprice2.585,dfname2023-07-28_16:10:00,starttime2023-07-28_16:14:57.69,exittime16:19:59.15,exitreasonReason: StopLoss-1.52%
PORTOUSDT,5m,open2.205,closeprice2.258,dfname2023-07-28_16:20:00,starttime2023-07-28_16:24:57.13,exittime16:45:56.05,exitreasonReason: StopLoss2.42%
PORTOUSDT,5m,open2.299,closeprice2.252,dfname2023-07-28_16:35:00,starttime2023-07-28_16:39:58.21,exittime16:46:10.18,exitreasonReason: StopLoss-2.00%
ASTRUSDT,5m,open0.0538,closeprice0.0531,dfname2023-07-28_16:15:00,starttime2023-07-28_16:19:57.67,exittime17:08:18.38,exitreasonReason: StopLoss-1.28%
STMXUSDT,5m,open0.006481,closeprice0.006472,dfname2023-07-28_17:15:00,starttime2023-07-28_17:19:57.78,exittime17:25:11.79,exitreasonReason: StopLoss0.74%
STMXUSDT,5m,open0.00598,closeprice0.006521,dfname2023-07-28_16:05:00,starttime2023-07-28_16:09:57.56,exittime17:25:11.26,exitreasonReason: StopLoss9.14%
STMXUSDT,5m,open0.006266,closeprice0.006485,dfname2023-07-28_17:05:00,starttime2023-07-28_17:09:57.38,exittime17:25:13.45,exitreasonReason: StopLoss3.86%
STMXUSDT,5m,open0.006078,closeprice0.006487,dfname2023-07-28_17:00:00,starttime2023-07-28_17:04:57.90,exittime17:25:16.16,exitreasonReason: StopLoss7.22%
KNCUSDT,5m,open0.716,closeprice0.719,dfname2023-07-28_16:30:00,starttime2023-07-28_16:34:58.41,exittime17:26:57.46,exitreasonReason: StopLoss0.50%
STMXUSDT,5m,open0.0066,closeprice0.006845,dfname2023-07-28_17:20:00,starttime2023-07-28_17:24:58.38,exittime17:36:35.46,exitreasonReason: StopLoss4.10%
ASRUSDT,5m,open2.741,closeprice2.814,dfname2023-07-28_17:30:00,starttime2023-07-28_17:34:57.93,exittime17:46:02.15,exitreasonReason: StopLoss2.90%
STMXUSDT,5m,open0.007767,closeprice0.007554,dfname2023-07-28_18:00:00,starttime2023-07-28_18:04:57.26,exittime18:05:12.71,exitreasonReason: StopLoss-2.00%
AGLDUSDT,5m,open0.684,closeprice0.67,dfname2023-07-28_18:40:00,starttime2023-07-28_18:44:57.67,exittime18:46:44.91,exitreasonReason: StopLoss-2.00%
KNCUSDT,5m,open0.725,closeprice0.728,dfname2023-07-28_17:45:00,starttime2023-07-28_17:49:57.01,exittime18:47:02.95,exitreasonReason: StopLoss0.50%
PORTOUSDT,5m,open2.26,closeprice2.214,dfname2023-07-28_18:10:00,starttime2023-07-28_18:14:58.20,exittime18:48:30.33,exitreasonReason: StopLoss-2.00%
VGXUSDT,5m,open0.1645,closeprice0.1687,dfname2023-07-28_18:20:00,starttime2023-07-28_18:24:57.40,exittime18:55:17.22,exitreasonReason: StopLoss2.90%
