SOLUSDT,5m,open25.42,closeprice25.91,dfname2023-07-13_20:20:00,starttime2023-07-14_01:25:06.24,exittime2023-07-14 01:41:54.69,exitreasonReason: Stop L1.94%
SHIBUSDT,5m,open7.79e-06,closeprice8.02e-06,dfname2023-07-13_20:40:00,starttime2023-07-14_01:45:07.07,exittime2023-07-14 02:14:25.74,exitreasonReason: Stop L3.07%
MATICUSDT,5m,open0.8699,closeprice0.8657,dfname2023-07-13_21:10:00,starttime2023-07-14_02:15:05.51,exittime2023-07-14 02:16:39.34,exitreasonReason: Stop L-0.47%
ETCUSDT,5m,open19.73,closeprice19.8,dfname2023-07-13_20:40:00,starttime2023-07-14_01:45:05.10,exittime2023-07-14 02:16:47.36,exitreasonReason: Stop L0.53%
WAVESUSDT,5m,open2.052,closeprice2.041,dfname2023-07-13_21:05:00,starttime2023-07-14_02:10:04.83,exittime2023-07-14 02:21:19.85,exitreasonReason: Stop L-0.53%
SOLUSDT,5m,open25.42,closeprice25.91,dfname2023-07-13_21:45:00,starttime2023-07-14_02:50:05.01,exittime2023-07-14 03:46:25.05,exitreasonReason: Stop L1.94%
SOLUSDT,5m,open25.86,closeprice25.92,dfname2023-07-13_22:45:00,starttime2023-07-14_03:50:05.49,exittime2023-07-14 04:10:14.81,exitreasonReason: Stop L0.30%
BCHUSDT,30m,open276.3,closeprice272.3,dfname2023-07-13_21:30:00,starttime2023-07-14_03:00:07.19,exittime2023-07-14 04:56:02.71,exitreasonReason: Stop L-1.42%
ETCUSDT,15m,open19.91,closeprice19.51,dfname2023-07-13_22:30:00,starttime2023-07-14_03:45:06.98,exittime2023-07-14 05:09:17.10,exitreasonReason: Stop L-1.86%
XRPUSDT,5m,open0.816,closeprice0.8134,dfname2023-07-14_01:15:00,starttime2023-07-14_06:20:05.63,exittime2023-07-14 06:21:35.14,exitreasonReason: Stop L-0.31%
BTCUSDT,5m,open31088.23,closeprice31214.19,dfname2023-07-14_00:20:00,starttime2023-07-14_05:25:07.05,exittime2023-07-14 06:39:19.44,exitreasonReason: Stop L0.42%
BCHUSDT,5m,open274.7,closeprice272.7,dfname2023-07-14_02:10:00,starttime2023-07-14_07:15:05.05,exittime2023-07-14 07:27:50.68,exitreasonReason: Stop L-0.72%
WAVESUSDT,5m,open2.016,closeprice2.064,dfname2023-07-14_00:20:00,starttime2023-07-14_05:25:07.16,exittime2023-07-14 08:03:21.62,exitreasonReason: Stop L2.40%
AVAXUSDT,5m,open13.95,closeprice14.21,dfname2023-07-14_01:15:00,starttime2023-07-14_06:20:05.03,exittime2023-07-14 08:26:10.29,exitreasonReason: Stop L1.88%
AVAXUSDT,5m,open13.79,closeprice14.19,dfname2023-07-14_00:20:00,starttime2023-07-14_05:25:07.04,exittime2023-07-14 08:26:44.11,exitreasonReason: Stop L2.97%
LTCUSDT,5m,open100.93,closeprice102.91,dfname2023-07-14_01:50:00,starttime2023-07-14_06:55:04.68,exittime2023-07-14 08:42:40.63,exitreasonReason: Stop L1.98%
MATICUSDT,5m,open0.851,closeprice0.87,dfname2023-07-14_03:20:00,starttime2023-07-14_08:25:04.86,exittime2023-07-14 08:55:08.11,exitreasonReason: Stop L2.24%
MATICUSDT,5m,open0.8615,closeprice0.8677,dfname2023-07-14_03:40:00,starttime2023-07-14_08:45:04.87,exittime2023-07-14 08:55:14.26,exitreasonReason: Stop L0.88%
BNBUSDT,5m,open258.8,closeprice257.3,dfname2023-07-14_03:45:00,starttime2023-07-14_08:50:04.92,exittime2023-07-14 08:55:17.06,exitreasonReason: Stop L-0.53%
ETHUSDT,5m,open1974.46,closeprice2016.45,dfname2023-07-14_00:20:00,starttime2023-07-14_05:25:06.98,exittime2023-07-14 09:11:54.98,exitreasonReason: Stop L2.14%
ETCUSDT,15m,open20.0,closeprice20.0,dfname2023-07-14_01:30:00,starttime2023-07-14_06:45:06.96,exittime2023-07-14 09:12:17.55,exitreasonReason: Stop L0.06%
ETCUSDT,30m,open20.09,closeprice19.95,dfname2023-07-14_02:00:00,starttime2023-07-14_07:30:07.75,exittime2023-07-14 09:13:51.22,exitreasonReason: Stop L-0.65%
WAVESUSDT,5m,open2.102,closeprice2.09,dfname2023-07-14_04:40:00,starttime2023-07-14_09:45:05.25,exittime2023-07-14 10:09:02.85,exitreasonReason: Stop L-0.53%
BNBUSDT,5m,open259.9,closeprice259.0,dfname2023-07-14_05:20:00,starttime2023-07-14_10:25:05.48,exittime2023-07-14 10:32:30.46,exitreasonReason: Stop L-0.32%
WAVESUSDT,5m,open2.11,closeprice2.116,dfname2023-07-14_05:00:00,starttime2023-07-14_10:05:05.21,exittime2023-07-14 10:59:51.93,exitreasonReason: Stop L0.30%
WAVESUSDT,15m,open2.078,closeprice2.1,dfname2023-07-14_02:15:00,starttime2023-07-14_07:30:06.25,exittime2023-07-14 11:33:09.79,exitreasonReason: Stop L1.09%
BCHUSDT,5m,open274.9,closeprice274.8,dfname2023-07-14_05:55:00,starttime2023-07-14_11:00:05.11,exittime2023-07-14 11:36:07.50,exitreasonReason: Stop L-0.00%
WAVESUSDT,15m,open2.117,closeprice2.089,dfname2023-07-14_05:45:00,starttime2023-07-14_11:00:07.00,exittime2023-07-14 11:38:36.30,exitreasonReason: Stop L-1.30%
ARBUSDT,5m,open1.2465,closeprice1.2335,dfname2023-07-14_06:15:00,starttime2023-07-14_11:20:04.98,exittime2023-07-14 11:42:30.13,exitreasonReason: Stop L-1.01%
AVAXUSDT,5m,open14.7,closeprice14.65,dfname2023-07-14_06:15:00,starttime2023-07-14_11:20:04.48,exittime2023-07-14 11:43:26.99,exitreasonReason: Stop L-0.28%
BNBUSDT,5m,open260.3,closeprice260.0,dfname2023-07-14_06:55:00,starttime2023-07-14_12:00:05.88,exittime2023-07-14 12:17:21.44,exitreasonReason: Stop L-0.11%
BCHUSDT,5m,open276.7,closeprice275.3,dfname2023-07-14_07:45:00,starttime2023-07-14_12:50:04.83,exittime2023-07-14 13:01:13.43,exitreasonReason: Stop L-0.48%
AVAXUSDT,5m,open14.83,closeprice14.72,dfname2023-07-14_08:05:00,starttime2023-07-14_13:10:04.87,exittime2023-07-14 13:16:39.37,exitreasonReason: Stop L-0.56%
AVAXUSDT,5m,open14.88,closeprice15.03,dfname2023-07-14_08:30:00,starttime2023-07-14_13:35:04.77,exittime2023-07-14 14:16:53.50,exitreasonReason: Stop L1.07%
AVAXUSDT,15m,open14.85,closeprice14.94,dfname2023-07-14_08:30:00,starttime2023-07-14_13:45:06.00,exittime2023-07-14 14:26:08.22,exitreasonReason: Stop L0.67%
MATICUSDT,5m,open0.8587,closeprice0.854,dfname2023-07-14_09:00:00,starttime2023-07-14_14:05:05.47,exittime2023-07-14 14:42:39.32,exitreasonReason: Stop L-0.47%
WAVESUSDT,5m,open2.092,closeprice2.071,dfname2023-07-14_09:10:00,starttime2023-07-14_14:15:06.39,exittime2023-07-14 15:19:07.00,exitreasonReason: Stop L-0.95%
LTCUSDT,5m,open101.91,closeprice101.17,dfname2023-07-14_09:45:00,starttime2023-07-14_14:50:04.99,exittime2023-07-14 15:19:18.43,exitreasonReason: Stop L-0.68%
AVAXUSDT,5m,open15.28,closeprice15.36,dfname2023-07-14_10:10:00,starttime2023-07-14_15:15:05.60,exittime2023-07-14 15:19:28.80,exitreasonReason: Stop L0.53%
ETHUSDT,15m,open2005.91,closeprice2000.45,dfname2023-07-14_02:30:00,starttime2023-07-14_07:45:06.98,exittime2023-07-14 15:34:36.89,exitreasonReason: Stop L-0.27%
BNBUSDT,30m,open258.4,closeprice255.9,dfname2023-07-14_03:30:00,starttime2023-07-14_09:00:07.16,exittime2023-07-14 15:55:47.65,exitreasonReason: Stop L-0.95%
MATICUSDT,5m,open0.8639,closeprice0.8685,dfname2023-07-14_11:25:00,starttime2023-07-14_16:30:05.45,exittime2023-07-14 16:47:27.28,exitreasonReason: Stop L0.54%
SOLUSDT,5m,open28.8,closeprice29.34,dfname2023-07-14_10:45:00,starttime2023-07-14_15:50:05.18,exittime2023-07-14 16:51:21.52,exitreasonReason: Stop L1.94%
AVAXUSDT,5m,open15.59,closeprice15.82,dfname2023-07-14_11:50:00,starttime2023-07-14_16:55:04.83,exittime2023-07-14 17:01:41.85,exitreasonReason: Stop L1.61%
WAVESUSDT,5m,open2.084,closeprice2.064,dfname2023-07-14_11:55:00,starttime2023-07-14_17:00:06.32,exittime2023-07-14 17:21:15.99,exitreasonReason: Stop L-0.95%
ARBUSDT,5m,open1.2327,closeprice1.225,dfname2023-07-14_11:20:00,starttime2023-07-14_16:25:05.58,exittime2023-07-14 17:31:32.43,exitreasonReason: Stop L-0.62%
ARBUSDT,5m,open1.2277,closeprice1.2238,dfname2023-07-14_11:10:00,starttime2023-07-14_16:15:05.87,exittime2023-07-14 17:31:35.08,exitreasonReason: Stop L-0.24%
ARBUSDT,5m,open1.2374,closeprice1.2294,dfname2023-07-14_12:55:00,starttime2023-07-14_18:00:07.24,exittime2023-07-14 18:26:53.50,exitreasonReason: Stop L-0.62%
XRPUSDT,15m,open0.7884,closeprice0.7992,dfname2023-07-14_13:30:00,starttime2023-07-14_18:45:05.51,exittime2023-07-14 19:30:33.99,exitreasonReason: Stop L1.44%
AVAXUSDT,5m,open15.44,closeprice15.39,dfname2023-07-14_14:20:00,starttime2023-07-14_19:25:04.86,exittime2023-07-14 19:46:14.72,exitreasonReason: Stop L-0.28%
SOLUSDT,5m,open28.19,closeprice28.04,dfname2023-07-14_14:20:00,starttime2023-07-14_19:25:06.62,exittime2023-07-14 19:58:44.58,exitreasonReason: Stop L-0.52%
XRPUSDT,15m,open0.7938,closeprice0.7907,dfname2023-07-14_14:30:00,starttime2023-07-14_19:45:05.68,exittime2023-07-14 20:15:36.55,exitreasonReason: Stop L-0.39%
AVAXUSDT,5m,open15.48,closeprice15.38,dfname2023-07-14_14:50:00,starttime2023-07-14_19:55:04.48,exittime2023-07-14 20:17:01.07,exitreasonReason: Stop L-0.56%
WAVESUSDT,5m,open2.086,closeprice2.066,dfname2023-07-14_14:50:00,starttime2023-07-14_19:55:05.77,exittime2023-07-14 20:31:05.69,exitreasonReason: Stop L-0.95%
LTCUSDT,5m,open101.04,closeprice100.34,dfname2023-07-14_15:05:00,starttime2023-07-14_20:10:05.67,exittime2023-07-14 20:31:15.58,exitreasonReason: Stop L-0.68%
SOLUSDT,5m,open27.77,closeprice27.51,dfname2023-07-14_15:15:00,starttime2023-07-14_20:20:05.28,exittime2023-07-14 20:53:12.38,exitreasonReason: Stop L-0.93%
SOLUSDT,5m,open27.94,closeprice27.66,dfname2023-07-14_16:50:00,starttime2023-07-14_21:55:07.13,exittime2023-07-14 22:09:04.21,exitreasonReason: Stop L-0.93%
MATICUSDT,5m,open0.8474,closeprice0.8404,dfname2023-07-14_16:50:00,starttime2023-07-14_21:55:05.85,exittime2023-07-14 22:09:12.92,exitreasonReason: Stop L-0.81%
ARBUSDT,5m,open1.2323,closeprice1.2388,dfname2023-07-14_16:50:00,starttime2023-07-14_21:55:06.57,exittime2023-07-14 22:30:33.52,exitreasonReason: Stop L0.53%
SHIBUSDT,5m,open7.93e-06,closeprice8.33e-06,dfname2023-07-14_13:55:00,starttime2023-07-14_19:00:07.09,exittime2023-07-14 23:31:47.64,exitreasonReason: Stop L5.21%
SHIBUSDT,5m,open8.01e-06,closeprice8.33e-06,dfname2023-07-14_15:00:00,starttime2023-07-14_20:05:05.64,exittime2023-07-14 23:31:48.70,exitreasonReason: Stop L4.14%
SOLUSDT,5m,open28.01,closeprice28.09,dfname2023-07-14_18:00:00,starttime2023-07-14_23:05:06.46,exittime2023-07-14 23:38:10.63,exitreasonReason: Stop L0.30%
BCHUSDT,5m,open273.1,closeprice272.4,dfname2023-07-14_16:50:00,starttime2023-07-14_21:55:06.46,exittime2023-07-14 23:42:26.91,exitreasonReason: Stop L-0.24%
SOLUSDT,5m,open28.23,closeprice28.08,dfname2023-07-14_18:20:00,starttime2023-07-14_23:25:05.66,exittime2023-07-14 23:43:42.80,exitreasonReason: Stop L-0.52%
MATICUSDT,5m,open0.8466,closeprice0.8453,dfname2023-07-14_18:20:00,starttime2023-07-14_23:25:06.31,exittime2023-07-14 23:45:51.25,exitreasonReason: Stop L-0.14%
BTCUSDT,5m,open31277.12,closeprice31250.0,dfname2023-07-14_16:50:00,starttime2023-07-14_21:55:05.12,exittime2023-07-14 23:49:09.22,exitreasonReason: Stop L-0.07%
LTCUSDT,5m,open101.23,closeprice100.8,dfname2023-07-14_18:15:00,starttime2023-07-14_23:20:07.38,exittime2023-07-14 23:50:56.96,exitreasonReason: Stop L-0.42%
BTCUSDT,5m,open31347.17,closeprice31219.48,dfname2023-07-14_18:15:00,starttime2023-07-14_23:20:07.44,exittime2023-07-14 23:53:23.91,exitreasonReason: Stop L-0.40%
SOLUSDT,15m,open28.1,closeprice27.73,dfname2023-07-14_18:30:00,starttime2023-07-14_23:45:06.33,exittime2023-07-15 00:22:18.37,exitreasonReason: Stop L-1.26%
BCHUSDT,5m,open274.1,closeprice272.1,dfname2023-07-14_18:15:00,starttime2023-07-14_23:20:07.10,exittime2023-07-15 00:28:17.15,exitreasonReason: Stop L-0.72%
ETHUSDT,5m,open2002.72,closeprice1993.0,dfname2023-07-14_18:15:00,starttime2023-07-14_23:20:07.93,exittime2023-07-15 00:29:33.39,exitreasonReason: Stop L-0.45%
LTCUSDT,5m,open101.0,closeprice100.29,dfname2023-07-14_19:25:00,starttime2023-07-15_00:30:05.57,exittime2023-07-15 00:31:03.52,exitreasonReason: Stop L-0.68%
XRPUSDT,15m,open0.7244,closeprice0.7181,dfname2023-07-15_00:15:00,starttime2023-07-15_05:30:11.04,exittime2023-07-15 05:33:36.92,exitreasonReason: Stop L-0.85%
BCHUSDT,5m,open261.7,closeprice262.9,dfname2023-07-15_02:15:00,starttime2023-07-15_07:20:08.75,exittime2023-07-15 08:02:18.02,exitreasonReason: Stop L0.47%
XRPUSDT,5m,open0.7094,closeprice0.7072,dfname2023-07-15_03:05:00,starttime2023-07-15_08:10:08.77,exittime2023-07-15 08:11:32.37,exitreasonReason: Stop L-0.31%
LTCUSDT,5m,open95.39,closeprice95.2,dfname2023-07-15_04:30:00,starttime2023-07-15_09:35:09.12,exittime2023-07-15 09:49:06.32,exitreasonReason: Stop L-0.15%
XRPUSDT,5m,open0.7105,closeprice0.7156,dfname2023-07-15_04:40:00,starttime2023-07-15_09:45:09.08,exittime2023-07-15 09:54:08.27,exitreasonReason: Stop L0.99%
