XVGUSDT,5m,open0.004759,closeprice0.004661,dfname2023-07-27_01:25:00,starttime2023-07-27_01:29:55.61,exittime2023-07-27 01:51:38.20,exitreasonReason: StopLoss-2.00%
ASTRUSDT,5m,open0.0484,closeprice0.0486,dfname2023-07-27_02:00:00,starttime2023-07-27_02:04:57.15,exittime2023-07-27 02:26:00.98,exitreasonReason: StopLoss0.50%
ASTRUSDT,5m,open0.0481,closeprice0.0504,dfname2023-07-27_01:45:00,starttime2023-07-27_01:49:58.54,exittime2023-07-27 02:41:54.46,exitreasonReason: TakeProf4.50%
ASTRUSDT,5m,open0.0508,closeprice0.0497,dfname2023-07-27_02:40:00,starttime2023-07-27_02:44:57.11,exittime2023-07-27 02:52:55.41,exitreasonReason: StopLoss-2.00%
SOLUSDT,5m,open25.04,closeprice25.14,dfname2023-07-27_02:20:00,starttime2023-07-27_02:24:58.06,exittime2023-07-27 02:56:07.16,exitreasonReason: StopLoss0.50%
ZENUSDT,5m,open9.24,closeprice9.28,dfname2023-07-27_02:35:00,starttime2023-07-27_02:39:57.35,exittime2023-07-27 03:01:31.33,exitreasonReason: StopLoss0.50%
ZENUSDT,5m,open9.19,closeprice9.23,dfname2023-07-27_02:05:00,starttime2023-07-27_02:09:58.72,exittime2023-07-27 03:08:16.44,exitreasonReason: StopLoss0.50%
REIUSDT,5m,open0.02535,closeprice0.02482,dfname2023-07-27_03:05:00,starttime2023-07-27_03:09:57.79,exittime2023-07-27 03:26:45.59,exitreasonReason: StopLoss-2.00%
REIUSDT,5m,open0.0253,closeprice0.02477,dfname2023-07-27_02:55:00,starttime2023-07-27_02:59:57.88,exittime2023-07-27 03:26:56.09,exitreasonReason: StopLoss-2.00%
KNCUSDT,5m,open0.733,closeprice0.736,dfname2023-07-27_03:25:00,starttime2023-07-27_03:29:58.06,exittime2023-07-27 03:34:33.52,exitreasonReason: StopLoss0.50%
KNCUSDT,5m,open0.72,closeprice0.723,dfname2023-07-27_03:20:00,starttime2023-07-27_03:24:57.24,exittime2023-07-27 03:38:57.90,exitreasonReason: StopLoss0.50%
ASTRUSDT,5m,open0.0492,closeprice0.0494,dfname2023-07-27_04:05:00,starttime2023-07-27_04:09:57.95,exittime2023-07-27 04:31:51.55,exitreasonReason: StopLoss0.50%
SNXUSDT,5m,open2.943,closeprice2.884,dfname2023-07-27_03:50:00,starttime2023-07-27_03:54:57.69,exittime2023-07-27 04:33:43.64,exitreasonReason: StopLoss-2.00%
YGGUSDT,5m,open0.1697,closeprice0.1704,dfname2023-07-27_04:20:00,starttime2023-07-27_04:24:57.00,exittime2023-07-27 04:36:35.40,exitreasonReason: StopLoss0.50%
KNCUSDT,5m,open0.744,closeprice0.726,dfname2023-07-27_04:40:00,starttime2023-07-27_04:44:57.89,exittime2023-07-27 05:06:50.80,exitreasonReason: StopLoss-2.00%
XLMUSDT,5m,open0.1625,closeprice0.1592,dfname2023-07-27_05:05:00,starttime2023-07-27_05:09:57.49,exittime2023-07-27 05:11:59.69,exitreasonReason: StopLoss-2.00%
ZENUSDT,5m,open9.25,closeprice9.29,dfname2023-07-27_03:10:00,starttime2023-07-27_03:14:57.64,exittime2023-07-27 05:23:49.99,exitreasonReason: StopLoss0.50%
XLMUSDT,5m,open0.1567,closeprice0.157,dfname2023-07-27_05:00:00,starttime2023-07-27_05:04:57.75,exittime2023-07-27 05:47:59.38,exitreasonReason: StopLoss0.50%
ASTRUSDT,5m,open0.05,closeprice0.0502,dfname2023-07-27_04:45:00,starttime2023-07-27_04:49:57.78,exittime2023-07-27 06:40:14.82,exitreasonReason: StopLoss0.50%
QUICKUSDT,5m,open0.0519,closeprice0.05074,dfname2023-07-27_07:20:00,starttime2023-07-27_07:24:57.36,exittime2023-07-27 07:29:02.15,exitreasonReason: StopLoss-2.00%
KNCUSDT,5m,open0.719,closeprice0.704,dfname2023-07-27_08:00:00,starttime2023-07-27_08:04:57.43,exittime2023-07-27 08:19:58.46,exitreasonReason: StopLoss-2.00%
TUSDT,5m,open0.02623,closeprice0.02568,dfname2023-07-27_08:15:00,starttime2023-07-27_08:19:58.00,exittime2023-07-27 08:28:01.76,exitreasonReason: StopLoss-2.00%
TUSDT,5m,open0.02552,closeprice0.02564,dfname2023-07-27_08:10:00,starttime2023-07-27_08:14:57.98,exittime2023-07-27 08:28:17.31,exitreasonReason: StopLoss0.50%
ASTRUSDT,5m,open0.0502,closeprice0.0491,dfname2023-07-27_05:30:00,starttime2023-07-27_05:34:57.35,exittime2023-07-27 08:51:19.80,exitreasonReason: StopLoss-2.00%
RAYUSDT,5m,open0.2278,closeprice0.2286,dfname2023-07-27_08:50:00,starttime2023-07-27_08:54:57.95,exittime2023-07-27 09:35:51.34,exitreasonReason: StopLoss0.50%
SNXUSDT,5m,open2.874,closeprice2.888,dfname2023-07-27_09:20:00,starttime2023-07-27_09:24:57.21,exittime2023-07-27 10:06:11.14,exitreasonReason: StopLoss0.50%
LINKUSDT,5m,open7.907,closeprice7.945,dfname2023-07-27_09:40:00,starttime2023-07-27_09:44:58.40,exittime2023-07-27 10:18:00.13,exitreasonReason: StopLoss0.50%
ZENUSDT,5m,open9.33,closeprice9.37,dfname2023-07-27_09:30:00,starttime2023-07-27_09:34:58.60,exittime2023-07-27 10:18:05.74,exitreasonReason: StopLoss0.50%
COMPUSDT,5m,open71.11,closeprice71.45,dfname2023-07-27_08:20:00,starttime2023-07-27_08:24:57.24,exittime2023-07-27 11:09:08.05,exitreasonReason: StopLoss0.50%
YGGUSDT,5m,open0.1709,closeprice0.1785,dfname2023-07-27_10:50:00,starttime2023-07-27_10:54:57.69,exittime2023-07-27 12:06:11.17,exitreasonReason: TakeProf4.50%
YGGUSDT,5m,open0.171,closeprice0.1797,dfname2023-07-27_10:10:00,starttime2023-07-27_10:14:58.47,exittime2023-07-27 12:07:17.26,exitreasonReason: TakeProf4.91%
YGGUSDT,5m,open0.1719,closeprice0.1798,dfname2023-07-27_10:25:00,starttime2023-07-27_10:29:57.90,exittime2023-07-27 12:07:17.94,exitreasonReason: TakeProf4.50%
BONDUSDT,5m,open3.058,closeprice2.995,dfname2023-07-27_12:10:00,starttime2023-07-27_12:14:57.63,exittime2023-07-27 12:24:54.36,exitreasonReason: StopLoss-2.00%
BONDUSDT,5m,open3.033,closeprice3.048,dfname2023-07-27_12:25:00,starttime2023-07-27_12:29:57.59,exittime2023-07-27 12:45:45.80,exitreasonReason: StopLoss0.50%
BONDUSDT,5m,open3.079,closeprice3.006,dfname2023-07-27_12:40:00,starttime2023-07-27_12:44:57.90,exittime2023-07-27 13:10:07.27,exitreasonReason: StopLoss-2.00%
VGXUSDT,5m,open0.1486,closeprice0.1493,dfname2023-07-27_12:20:00,starttime2023-07-27_12:24:57.70,exittime2023-07-27 13:12:58.10,exitreasonReason: StopLoss0.50%
REIUSDT,5m,open0.0261,closeprice0.02556,dfname2023-07-27_13:05:00,starttime2023-07-27_13:09:57.65,exittime2023-07-27 13:26:26.30,exitreasonReason: StopLoss-2.00%
VGXUSDT,5m,open0.1493,closeprice0.1499,dfname2023-07-27_13:20:00,starttime2023-07-27_13:24:57.67,exittime2023-07-27 13:40:41.35,exitreasonReason: StopLoss0.50%
VGXUSDT,5m,open0.1517,closeprice0.1589,dfname2023-07-27_13:45:00,starttime2023-07-27_13:49:57.73,exittime2023-07-27 13:58:27.80,exitreasonReason: TakeProf4.50%
VGXUSDT,5m,open0.1545,closeprice0.155,dfname2023-07-27_13:50:00,starttime2023-07-27_13:54:57.39,exittime2023-07-27 14:02:11.30,exitreasonReason: StopLoss0.50%
VGXUSDT,5m,open0.1509,closeprice0.1535,dfname2023-07-27_13:30:00,starttime2023-07-27_13:34:57.58,exittime2023-07-27 14:02:40.51,exitreasonReason: StopLoss1.72%
VGXUSDT,5m,open0.1536,closeprice0.1541,dfname2023-07-27_14:15:00,starttime2023-07-27_14:19:57.65,exittime2023-07-27 14:25:04.11,exitreasonReason: StopLoss0.50%
PROMUSDT,5m,open4.38,closeprice4.29,dfname2023-07-27_14:25:00,starttime2023-07-27_14:29:58.06,exittime2023-07-27 14:37:41.77,exitreasonReason: StopLoss-2.00%
BONDUSDT,5m,open3.2,closeprice3.132,dfname2023-07-27_14:50:00,starttime2023-07-27_14:54:58.26,exittime2023-07-27 14:57:05.68,exitreasonReason: StopLoss-2.00%
VGXUSDT,5m,open0.1519,closeprice0.1488,dfname2023-07-27_14:40:00,starttime2023-07-27_14:44:57.86,exittime2023-07-27 15:03:53.95,exitreasonReason: StopLoss-2.00%
PROMUSDT,5m,open4.42,closeprice4.44,dfname2023-07-27_15:00:00,starttime2023-07-27_15:04:58.22,exittime2023-07-27 15:13:12.67,exitreasonReason: StopLoss0.50%
UNFIUSDT,5m,open3.406,closeprice3.337,dfname2023-07-27_15:10:00,starttime2023-07-27_15:14:57.91,exittime2023-07-27 15:23:07.02,exitreasonReason: StopLoss-2.00%
RAYUSDT,5m,open0.2258,closeprice0.2267,dfname2023-07-27_15:15:00,starttime2023-07-27_15:19:58.08,exittime2023-07-27 15:34:09.19,exitreasonReason: StopLoss0.50%
CLVUSDT,5m,open0.04007,closeprice0.04055,dfname2023-07-27_15:35:00,starttime2023-07-27_15:39:57.32,exittime2023-07-27 15:48:43.77,exitreasonReason: StopLoss1.32%
UNFIUSDT,5m,open3.462,closeprice3.392,dfname2023-07-27_15:30:00,starttime2023-07-27_15:34:57.32,exittime2023-07-27 15:52:56.77,exitreasonReason: StopLoss-2.00%
UNFIUSDT,5m,open3.52,closeprice3.537,dfname2023-07-27_16:00:00,starttime2023-07-27_16:04:57.72,exittime2023-07-27 16:07:57.06,exitreasonReason: StopLoss0.50%
ZENUSDT,5m,open9.4,closeprice9.9,dfname2023-07-27_09:50:00,starttime2023-07-27_09:54:58.84,exittime2023-07-27 16:31:35.18,exitreasonReason: TakeProf4.50%
XLMUSDT,5m,open0.1591,closeprice0.1598,dfname2023-07-27_13:35:00,starttime2023-07-27_13:39:57.28,exittime2023-07-27 16:33:36.07,exitreasonReason: StopLoss0.50%
FORTHUSDT,5m,open3.32,closeprice3.24,dfname2023-07-27_16:40:00,starttime2023-07-27_16:44:58.10,exittime2023-07-27 16:45:13.55,exitreasonReason: StopLoss-2.00%
VGXUSDT,5m,open0.1512,closeprice0.1518,dfname2023-07-27_16:35:00,starttime2023-07-27_16:39:58.31,exittime2023-07-27 16:47:47.49,exitreasonReason: StopLoss0.50%
XLMUSDT,5m,open0.1587,closeprice0.1594,dfname2023-07-27_15:45:00,starttime2023-07-27_15:49:58.11,exittime2023-07-27 17:01:59.38,exitreasonReason: StopLoss0.50%
BURGERUSDT,5m,open0.4119,closeprice0.4022,dfname2023-07-27_16:55:00,starttime2023-07-27_16:59:58.02,exittime2023-07-27 17:02:56.56,exitreasonReason: StopLoss-2.00%
SNXUSDT,5m,open2.942,closeprice2.955,dfname2023-07-27_16:15:00,starttime2023-07-27_16:19:57.77,exittime2023-07-27 17:26:00.94,exitreasonReason: StopLoss0.50%
FORTHUSDT,5m,open3.145,closeprice3.076,dfname2023-07-27_17:20:00,starttime2023-07-27_17:24:57.80,exittime2023-07-27 17:31:45.54,exitreasonReason: StopLoss-2.00%
DEGOUSDT,5m,open1.633,closeprice1.64,dfname2023-07-27_17:30:00,starttime2023-07-27_17:34:58.28,exittime2023-07-27 17:40:14.64,exitreasonReason: StopLoss0.50%
VGXUSDT,5m,open0.1517,closeprice0.1479,dfname2023-07-27_18:00:00,starttime2023-07-27_18:04:57.86,exittime2023-07-27 18:21:51.86,exitreasonReason: StopLoss-2.00%
FORTHUSDT,5m,open3.139,closeprice3.286,dfname2023-07-27_18:20:00,starttime2023-07-27_18:24:58.10,exittime2023-07-27 18:27:26.52,exitreasonReason: TakeProf4.50%
WANUSDT,5m,open0.2217,closeprice0.2172,dfname2023-07-27_18:15:00,starttime2023-07-27_18:19:58.22,exittime2023-07-27 18:28:28.05,exitreasonReason: StopLoss-2.00%
ASTRUSDT,5m,open0.0495,closeprice0.0497,dfname2023-07-27_17:05:00,starttime2023-07-27_17:09:58.09,exittime2023-07-27 18:32:21.24,exitreasonReason: StopLoss0.50%
AKROUSDT,5m,open0.00496,closeprice0.00486,dfname2023-07-27_18:30:00,starttime2023-07-27_18:34:57.28,exittime2023-07-27 18:38:31.43,exitreasonReason: StopLoss-2.00%
PEPEUSDT,5m,open1.41e-06,closeprice1.41e-06,dfname2023-07-27_17:45:00,starttime2023-07-27_17:49:57.67,exittime2023-07-27 18:47:23.83,exitreasonReason: StopLoss0.50%
