USTCUSDT,5m,open0.015476,closeprice0.0154626,dfname2023-07-19_17:25:00,starttime2023-07-19_22:30:07.25,exittime2023-07-19 22:35:08.36,exitreasonexit_from_read_signal
USTCUSDT,5m,open0.015476,closeprice0.01705,dfname2023-07-19_17:25:00,starttime2023-07-19_22:30:07.25,exittime2023-07-20 00:29:11.65,exitreasonReason: Stop L10.22%
XRPUSDT,5m,open0.8314,closeprice0.8349,dfname2023-07-20_06:25:00,starttime2023-07-20_11:30:09.69,exittime2023-07-20 11:35:10.42,exitreasonexit_from_read_signal
XRPUSDT,5m,open0.8314,closeprice0.8261,dfname2023-07-20_06:25:00,starttime2023-07-20_11:30:09.69,exittime2023-07-20 12:23:07.13,exitreasonReason: Stop L-0.48%
USTCUSDT,5m,open0.01706,closeprice0.0170509,dfname2023-07-20_08:45:00,starttime2023-07-20_13:50:08.21,exittime2023-07-20 13:55:09.39,exitreasonexit_from_read_signal
XRPUSDT,5m,open0.8198,closeprice0.8198,dfname2023-07-20_09:45:00,starttime2023-07-20_14:50:08.30,exittime2023-07-20 14:55:08.91,exitreasonexit_from_read_signal
USTCUSDT,5m,open0.01706,closeprice0.0169182,dfname2023-07-20_08:45:00,starttime2023-07-20_13:50:08.21,exittime2023-07-20 15:13:34.32,exitreasonReason: Stop L-0.77%
XRPUSDT,5m,open0.8198,closeprice0.814,dfname2023-07-20_09:45:00,starttime2023-07-20_14:50:08.30,exittime2023-07-20 15:46:39.77,exitreasonReason: Stop L-0.48%
XRPUSDT,5m,open0.8076,closeprice0.8089,dfname2023-07-20_12:00:00,starttime2023-07-20_17:05:09.78,exittime2023-07-20 17:20:21.71,exitreasonexit_from_read_signal
XRPUSDT,5m,open0.8076,closeprice0.8102,dfname2023-07-20_12:00:00,starttime2023-07-20_17:05:09.78,exittime2023-07-20 18:52:36.20,exitreasonReason: Stop L0.36%
APTUSDT,5m,open7.4809,closeprice7.447,dfname2023-07-20_17:35:00,starttime2023-07-20_22:40:21.65,exittime2023-07-20 22:45:22.20,exitreasonexit_from_read_signal
QNTUSDT,5m,open101.8,closeprice101.7,dfname2023-07-20_17:35:00,starttime2023-07-20_22:40:21.72,exittime2023-07-20 22:45:22.45,exitreasonexit_from_read_signal
WOOUSDT,5m,open0.2139,closeprice0.2141,dfname2023-07-20_17:40:00,starttime2023-07-20_22:45:12.50,exittime2023-07-20 22:50:13.48,exitreasonexit_from_read_signal
GALUSDT,5m,open1.303,closeprice1.307,dfname2023-07-20_17:40:00,starttime2023-07-20_22:45:12.28,exittime2023-07-20 22:50:13.77,exitreasonexit_from_read_signal
CTSIUSDT,5m,open0.1524,closeprice0.1524,dfname2023-07-20_17:40:00,starttime2023-07-20_22:45:14.09,exittime2023-07-20 22:50:14.93,exitreasonexit_from_read_signal
LDOUSDT,5m,open2.085,closeprice2.084,dfname2023-07-20_17:40:00,starttime2023-07-20_22:45:14.19,exittime2023-07-20 22:50:15.12,exitreasonexit_from_read_signal
SXPUSDT,5m,open0.3603,closeprice0.3609,dfname2023-07-20_17:40:00,starttime2023-07-20_22:45:14.50,exittime2023-07-20 22:50:15.14,exitreasonexit_from_read_signal
AGIXUSDT,5m,open0.23496,closeprice0.2355,dfname2023-07-20_17:40:00,starttime2023-07-20_22:45:14.47,exittime2023-07-20 22:50:15.42,exitreasonexit_from_read_signal
APEUSDT,5m,open2.085,closeprice2.088,dfname2023-07-20_17:40:00,starttime2023-07-20_22:45:14.61,exittime2023-07-20 22:50:15.49,exitreasonexit_from_read_signal
SHIBUSDT,5m,open7.72e-06,closeprice7.68e-06,dfname2023-07-20_17:35:00,starttime2023-07-20_22:40:19.02,exittime2023-07-20 22:50:25.09,exitreasonexit_from_read_signal
ONEUSDT,5m,open0.0126,closeprice0.01258,dfname2023-07-20_17:35:00,starttime2023-07-20_22:40:21.29,exittime2023-07-20 22:50:27.27,exitreasonexit_from_read_signal
COTIUSDT,5m,open0.0524,closeprice0.0522,dfname2023-07-20_17:35:00,starttime2023-07-20_22:40:21.26,exittime2023-07-20 22:50:27.37,exitreasonexit_from_read_signal
MANAUSDT,5m,open0.4029,closeprice0.4007,dfname2023-07-20_17:35:00,starttime2023-07-20_22:40:21.36,exittime2023-07-20 22:50:27.39,exitreasonexit_from_read_signal
ADAUSDT,5m,open0.3193,closeprice0.3186,dfname2023-07-20_17:35:00,starttime2023-07-20_22:40:21.42,exittime2023-07-20 22:50:27.46,exitreasonexit_from_read_signal
ARBUSDT,5m,open1.2661,closeprice1.2608,dfname2023-07-20_17:35:00,starttime2023-07-20_22:40:21.46,exittime2023-07-20 22:50:27.64,exitreasonexit_from_read_signal
AAVEUSDT,5m,open72.5,closeprice71.41,dfname2023-07-20_17:35:00,starttime2023-07-20_22:40:21.68,exittime2023-07-20 22:51:03.22,exitreasonReason: Stop L-1.29%
DENTUSDT,5m,open0.000789,closeprice0.000779,dfname2023-07-20_17:35:00,starttime2023-07-20_22:40:21.57,exittime2023-07-20 22:51:03.26,exitreasonReason: Stop L-1.16%
MANAUSDT,5m,open0.4029,closeprice0.3972,dfname2023-07-20_17:35:00,starttime2023-07-20_22:40:21.36,exittime2023-07-20 22:51:03.61,exitreasonReason: Stop L-1.41%
COTIUSDT,5m,open0.0524,closeprice0.0519,dfname2023-07-20_17:35:00,starttime2023-07-20_22:40:21.26,exittime2023-07-20 22:51:03.59,exitreasonReason: Stop L-0.91%
SOLUSDT,5m,open26.28,closeprice26.02,dfname2023-07-20_17:35:00,starttime2023-07-20_22:40:21.10,exittime2023-07-20 22:55:32.63,exitreasonexit_from_read_signal
CELRUSDT,5m,open0.01526,closeprice0.01522,dfname2023-07-20_17:35:00,starttime2023-07-20_22:40:19.03,exittime2023-07-20 23:00:06.16,exitreasonexit_from_read_signal
ENJUSDT,5m,open0.3078,closeprice0.3067,dfname2023-07-20_17:35:00,starttime2023-07-20_22:40:21.25,exittime2023-07-20 23:00:07.45,exitreasonexit_from_read_signal
IOTAUSDT,5m,open0.183,closeprice0.1828,dfname2023-07-20_17:35:00,starttime2023-07-20_22:40:21.64,exittime2023-07-20 23:00:08.00,exitreasonexit_from_read_signal
EGLDUSDT,15m,open34.35,closeprice34.31,dfname2023-07-20_17:45:00,starttime2023-07-20_23:00:11.98,exittime2023-07-20 23:15:24.50,exitreasonexit_from_read_signal
UNIUSDT,15m,open5.9,closeprice5.923,dfname2023-07-20_17:45:00,starttime2023-07-20_23:00:13.45,exittime2023-07-20 23:15:24.95,exitreasonexit_from_read_signal
SOLUSDT,5m,open26.28,closeprice25.8,dfname2023-07-20_17:35:00,starttime2023-07-20_22:40:21.10,exittime2023-07-20 23:40:31.34,exitreasonReason: Stop L-1.59%
ONEUSDT,5m,open0.0126,closeprice0.01252,dfname2023-07-20_17:35:00,starttime2023-07-20_22:40:21.29,exittime2023-07-20 23:40:33.66,exitreasonReason: Stop L-0.56%
ADAUSDT,5m,open0.3193,closeprice0.3177,dfname2023-07-20_17:35:00,starttime2023-07-20_22:40:21.42,exittime2023-07-20 23:46:23.68,exitreasonReason: Stop L-0.46%
ENJUSDT,5m,open0.3078,closeprice0.305,dfname2023-07-20_17:35:00,starttime2023-07-20_22:40:21.25,exittime2023-07-20 23:46:43.62,exitreasonReason: Stop L-0.86%
LDOUSDT,5m,open2.085,closeprice2.056,dfname2023-07-20_17:40:00,starttime2023-07-20_22:45:14.19,exittime2023-07-20 23:48:21.83,exitreasonReason: Stop L-1.36%
APEUSDT,5m,open2.085,closeprice2.147,dfname2023-07-20_17:40:00,starttime2023-07-20_22:45:14.61,exittime2023-07-20 23:49:35.50,exitreasonReason: Stop L3.04%
WOOUSDT,5m,open0.2139,closeprice0.2125,dfname2023-07-20_17:40:00,starttime2023-07-20_22:45:12.50,exittime2023-07-20 23:50:17.87,exitreasonReason: Stop L-0.61%
QNTUSDT,5m,open101.8,closeprice101.8,dfname2023-07-20_17:35:00,starttime2023-07-20_22:40:21.72,exittime2023-07-21 00:05:35.54,exitreasonReason: Stop L0.05%
CELRUSDT,5m,open0.01526,closeprice0.0151,dfname2023-07-20_17:35:00,starttime2023-07-20_22:40:19.03,exittime2023-07-21 00:46:06.66,exitreasonReason: Stop L-0.99%
CTSIUSDT,5m,open0.1524,closeprice0.1511,dfname2023-07-20_17:40:00,starttime2023-07-20_22:45:14.09,exittime2023-07-21 00:46:08.52,exitreasonReason: Stop L-0.80%
SXPUSDT,5m,open0.3603,closeprice0.3571,dfname2023-07-20_17:40:00,starttime2023-07-20_22:45:14.50,exittime2023-07-21 00:53:24.47,exitreasonReason: Stop L-0.86%
IOTAUSDT,5m,open0.183,closeprice0.1814,dfname2023-07-20_17:35:00,starttime2023-07-20_22:40:21.64,exittime2023-07-21 00:57:04.91,exitreasonReason: Stop L-0.77%
AGIXUSDT,5m,open0.23496,closeprice0.23253,dfname2023-07-20_17:40:00,starttime2023-07-20_22:45:14.47,exittime2023-07-21 02:26:08.07,exitreasonReason: Stop L-1.00%
GALUSDT,5m,open1.303,closeprice1.289,dfname2023-07-20_17:40:00,starttime2023-07-20_22:45:12.28,exittime2023-07-21 02:30:08.75,exitreasonReason: Stop L-1.05%
SHIBUSDT,5m,open7.72e-06,closeprice7.61e-06,dfname2023-07-20_17:35:00,starttime2023-07-20_22:40:19.02,exittime2023-07-21 02:30:13.12,exitreasonReason: Stop L-1.38%
APTUSDT,5m,open7.4809,closeprice7.3767,dfname2023-07-20_17:35:00,starttime2023-07-20_22:40:21.65,exittime2023-07-21 02:30:19.62,exitreasonReason: Stop L-1.36%
ACAUSDT,5m,open0.0752,closeprice0.0759,dfname2023-07-20_21:55:00,starttime2023-07-21_03:00:09.27,exittime2023-07-21 03:05:10.15,exitreasonexit_from_read_signal
ACAUSDT,5m,open0.0752,closeprice0.0753,dfname2023-07-20_21:55:00,starttime2023-07-21_03:00:09.27,exittime2023-07-21 04:18:00.41,exitreasonReason: Stop L0.24%
ARBUSDT,5m,open1.2661,closeprice1.248,dfname2023-07-20_17:35:00,starttime2023-07-20_22:40:21.46,exittime2023-07-21 04:45:13.06,exitreasonReason: Stop L-1.33%
EGLDUSDT,15m,open34.35,closeprice33.64,dfname2023-07-20_17:45:00,starttime2023-07-20_23:00:11.98,exittime2023-07-21 04:45:14.19,exitreasonReason: Stop L-1.95%
UNIUSDT,15m,open5.9,closeprice5.958,dfname2023-07-20_17:45:00,starttime2023-07-20_23:00:13.45,exittime2023-07-21 08:21:37.27,exitreasonReason: Stop L1.03%
XRPUSDT,5m,open0.7669,closeprice0.7632,dfname2023-07-21_12:45:00,starttime2023-07-21_17:50:09.27,exittime2023-07-21 18:05:22.10,exitreasonexit_from_read_signal
XRPUSDT,5m,open0.7669,closeprice0.7727,dfname2023-07-21_12:45:00,starttime2023-07-21_17:50:09.27,exittime2023-07-21 21:52:40.27,exitreasonReason: Stop L0.78%
ADAUSDT,5m,open0.3121,closeprice0.3139,dfname2023-07-21_22:10:00,starttime2023-07-22_03:15:09.33,exittime2023-07-22 03:20:09.94,exitreasonexit_from_read_signal
XRPUSDT,5m,open0.7696,closeprice0.7717,dfname2023-07-22_00:40:00,starttime2023-07-22_05:45:08.28,exittime2023-07-22 05:50:09.34,exitreasonexit_from_read_signal
XRPUSDT,5m,open0.7696,closeprice0.7689,dfname2023-07-22_00:40:00,starttime2023-07-22_05:45:08.28,exittime2023-07-22 08:01:20.09,exitreasonReason: Stop L-0.06%
ADAUSDT,5m,open0.3121,closeprice0.312,dfname2023-07-21_22:10:00,starttime2023-07-22_03:15:09.33,exittime2023-07-22 09:56:43.41,exitreasonReason: Stop L-0.02%
USTCUSDT,5m,open0.0181097,closeprice0.0180075,dfname2023-07-22_05:40:00,starttime2023-07-22_10:45:06.45,exittime2023-07-22 10:50:07.56,exitreasonexit_from_read_signal
USTCUSDT,5m,open0.0181097,closeprice0.0179673,dfname2023-07-22_05:40:00,starttime2023-07-22_10:45:06.45,exittime2023-07-22 12:10:35.29,exitreasonReason: Stop L-0.77%
SHIBUSDT,5m,open7.77e-06,closeprice7.73e-06,dfname2023-07-22_13:00:00,starttime2023-07-22_18:05:14.46,exittime2023-07-22 18:10:14.64,exitreasonexit_from_read_signal
SANDUSDT,5m,open0.445,closeprice0.4447,dfname2023-07-22_13:00:00,starttime2023-07-22_18:05:14.50,exittime2023-07-22 18:10:15.36,exitreasonexit_from_read_signal
XRPUSDT,5m,open0.7703,closeprice0.7708,dfname2023-07-22_13:00:00,starttime2023-07-22_18:05:14.89,exittime2023-07-22 18:10:16.03,exitreasonexit_from_read_signal
AAVEUSDT,5m,open72.97,closeprice72.79,dfname2023-07-22_13:00:00,starttime2023-07-22_18:05:15.37,exittime2023-07-22 18:10:16.21,exitreasonexit_from_read_signal
APEUSDT,5m,open2.116,closeprice2.105,dfname2023-07-22_13:00:00,starttime2023-07-22_18:05:15.40,exittime2023-07-22 18:10:16.32,exitreasonexit_from_read_signal
ADAUSDT,5m,open0.3093,closeprice0.3082,dfname2023-07-22_13:00:00,starttime2023-07-22_18:05:14.89,exittime2023-07-22 18:15:20.83,exitreasonexit_from_read_signal
APEUSDT,5m,open2.116,closeprice2.089,dfname2023-07-22_13:00:00,starttime2023-07-22_18:05:15.40,exittime2023-07-22 18:31:29.15,exitreasonReason: Stop L-1.13%
XRPUSDT,5m,open0.7703,closeprice0.7665,dfname2023-07-22_13:00:00,starttime2023-07-22_18:05:14.89,exittime2023-07-22 21:44:02.35,exitreasonReason: Stop L-0.48%
USTCUSDT,5m,open0.0183221,closeprice0.0181997,dfname2023-07-22_19:30:00,starttime2023-07-23_00:35:05.83,exittime2023-07-23 00:40:06.89,exitreasonexit_from_read_signal
AAVEUSDT,5m,open72.97,closeprice72.39,dfname2023-07-22_13:00:00,starttime2023-07-22_18:05:15.37,exittime2023-07-23 02:11:50.56,exitreasonReason: Stop L-0.70%
ADAUSDT,5m,open0.3093,closeprice0.3106,dfname2023-07-22_13:00:00,starttime2023-07-22_18:05:14.89,exittime2023-07-23 02:23:52.95,exitreasonReason: Stop L0.42%
XRPUSDT,5m,open0.756,closeprice0.7466,dfname2023-07-22_21:10:00,starttime2023-07-23_02:15:08.29,exittime2023-07-23 02:24:38.18,exitreasonReason: Stop L-0.90%
USTCUSDT,5m,open0.0183221,closeprice0.0181692,dfname2023-07-22_19:30:00,starttime2023-07-23_00:35:05.83,exittime2023-07-23 02:47:28.88,exitreasonReason: Stop L-0.77%
USTCUSDT,5m,open0.0176676,closeprice0.0175501,dfname2023-07-22_23:50:00,starttime2023-07-23_04:55:06.07,exittime2023-07-23 05:10:17.44,exitreasonexit_from_read_signal
USTCUSDT,5m,open0.0176676,closeprice0.0171571,dfname2023-07-22_23:50:00,starttime2023-07-23_04:55:06.07,exittime2023-07-23 07:17:37.46,exitreasonReason: Stop L-2.77%
SHIBUSDT,5m,open7.77e-06,closeprice7.71e-06,dfname2023-07-22_13:00:00,starttime2023-07-22_18:05:14.46,exittime2023-07-23 07:17:48.63,exitreasonReason: Stop L-0.73%
SANDUSDT,5m,open0.445,closeprice0.4399,dfname2023-07-22_13:00:00,starttime2023-07-22_18:05:14.50,exittime2023-07-23 07:17:53.90,exitreasonReason: Stop L-1.09%
ACHUSDT,5m,open0.01789,closeprice0.0179,dfname2023-07-23_02:15:00,starttime2023-07-23_07:20:08.44,exittime2023-07-23 07:25:08.85,exitreasonexit_from_read_signal
COTIUSDT,5m,open0.0513,closeprice0.0512,dfname2023-07-23_02:15:00,starttime2023-07-23_07:20:11.09,exittime2023-07-23 07:25:11.17,exitreasonexit_from_read_signal
PHBUSDT,5m,open0.6277,closeprice0.625,dfname2023-07-23_02:20:00,starttime2023-07-23_07:25:06.18,exittime2023-07-23 07:30:06.26,exitreasonexit_from_read_signal
LDOUSDT,5m,open1.993,closeprice1.98,dfname2023-07-23_02:20:00,starttime2023-07-23_07:25:08.55,exittime2023-07-23 07:30:09.45,exitreasonexit_from_read_signal
ADAUSDT,5m,open0.308,closeprice0.3071,dfname2023-07-23_02:15:00,starttime2023-07-23_07:20:09.72,exittime2023-07-23 07:30:15.29,exitreasonexit_from_read_signal
DENTUSDT,5m,open0.000776,closeprice0.000774,dfname2023-07-23_02:15:00,starttime2023-07-23_07:20:11.46,exittime2023-07-23 07:30:16.72,exitreasonexit_from_read_signal
AGIXUSDT,5m,open0.22845,closeprice0.22738,dfname2023-07-23_02:15:00,starttime2023-07-23_07:20:11.41,exittime2023-07-23 07:30:16.87,exitreasonexit_from_read_signal
QNTUSDT,5m,open101.4,closeprice101.3,dfname2023-07-23_02:15:00,starttime2023-07-23_07:20:11.44,exittime2023-07-23 07:30:17.04,exitreasonexit_from_read_signal
XRPUSDT,5m,open0.7316,closeprice0.7319,dfname2023-07-23_02:15:00,starttime2023-07-23_07:20:09.93,exittime2023-07-23 07:40:25.24,exitreasonexit_from_read_signal
XRPUSDT,5m,open0.7316,closeprice0.7233,dfname2023-07-23_02:15:00,starttime2023-07-23_07:20:09.93,exittime2023-07-23 08:11:27.65,exitreasonReason: Stop L-0.90%
DENTUSDT,5m,open0.000776,closeprice0.000834,dfname2023-07-23_02:15:00,starttime2023-07-23_07:20:11.46,exittime2023-07-23 13:20:29.64,exitreasonReason: Stop L7.65%
DENTUSDT,5m,open0.000823,closeprice0.000823,dfname2023-07-23_10:45:00,starttime2023-07-23_15:50:10.78,exittime2023-07-23 16:10:27.60,exitreasonexit_from_read_signal
DENTUSDT,5m,open0.000823,closeprice0.000817,dfname2023-07-23_10:45:00,starttime2023-07-23_15:50:10.78,exittime2023-07-23 16:21:03.58,exitreasonReason: Stop L-0.64%
QNTUSDT,5m,open101.4,closeprice103.8,dfname2023-07-23_02:15:00,starttime2023-07-23_07:20:11.44,exittime2023-07-23 17:52:04.34,exitreasonReason: Stop L2.51%
COTIUSDT,5m,open0.0513,closeprice0.0517,dfname2023-07-23_02:15:00,starttime2023-07-23_07:20:11.09,exittime2023-07-23 20:18:04.75,exitreasonReason: Stop L0.88%
LDOUSDT,5m,open1.993,closeprice2.01,dfname2023-07-23_02:20:00,starttime2023-07-23_07:25:08.55,exittime2023-07-23 23:18:55.49,exitreasonReason: Stop L0.87%
ADAUSDT,5m,open0.308,closeprice0.316,dfname2023-07-23_02:15:00,starttime2023-07-23_07:20:09.72,exittime2023-07-24 03:44:53.82,exitreasonReason: Stop L2.62%
XRPUSDT,5m,open0.7367,closeprice0.7381,dfname2023-07-23_22:50:00,starttime2023-07-24_03:55:09.13,exittime2023-07-24 04:00:09.80,exitreasonexit_from_read_signal
PHBUSDT,5m,open0.6277,closeprice0.6325,dfname2023-07-23_02:20:00,starttime2023-07-23_07:25:06.18,exittime2023-07-24 05:41:17.94,exitreasonReason: Stop L0.81%
XRPUSDT,5m,open0.7367,closeprice0.7325,dfname2023-07-23_22:50:00,starttime2023-07-24_03:55:09.13,exittime2023-07-24 05:48:35.60,exitreasonReason: Stop L-0.48%
ACHUSDT,5m,open0.01789,closeprice0.01829,dfname2023-07-23_02:15:00,starttime2023-07-23_07:20:08.44,exittime2023-07-24 09:41:12.60,exitreasonReason: Stop L2.29%
AGIXUSDT,5m,open0.22845,closeprice0.23202,dfname2023-07-23_02:15:00,starttime2023-07-23_07:20:11.41,exittime2023-07-24 09:41:17.48,exitreasonReason: Stop L1.58%
