BURGERUSDT,5m,open0.4093,closeprice0.412,dfname2023-07-31_17:45:00,starttime2023-07-31_17:49:55.56,exittime17:51:08.21,exitreasonReason: StopLoss0.80%,postypeJUMP4POS,critStrcritFAIL(2.5%&30%) critGain=`2.16%`, critPlBk=`3.37%`
HIVEUSDT,5m,open0.3957,closeprice0.3924,dfname2023-07-31_17:55:00,starttime2023-07-31_17:59:59.51,exittime18:00:20.05,exitreasonReason: StopLoss-0.50%,postypeJUMP6POS,critStrcritFAIL(2.5%&30%) critGain=`2.01%`, critPlBk=`17.02%`
VGXUSDT,5m,open0.1898,closeprice0.1912,dfname2023-07-31_17:50:00,starttime2023-07-31_17:54:55.83,exittime18:03:41.83,exitreasonReason: StopLoss0.80%,postypeJUMP2POS,critStrcritFAIL(2.5%&30%) critGain=`0.53%`, critPlBk=`9.09%`
BAKEUSDT,5m,open0.1004,closeprice0.0998,dfname2023-07-31_18:05:00,starttime2023-07-31_18:09:57.54,exittime18:17:10.87,exitreasonReason: StopLoss-0.50%,postypeJUMP3POS,critStrcritFAIL(2.5%&30%) critGain=`1.31%`, critPlBk=`13.33%`
FUNUSDT,5m,open0.004858,closeprice0.004828,dfname2023-07-31_18:15:00,starttime2023-07-31_18:19:57.05,exittime18:27:00.05,exitreasonReason: StopLoss-0.50%,postypeJUMP2POS,critStrcritFAIL(2.5%&30%) critGain=`1.12%`, critPlBk=`10.00%`
CELOUSDT,5m,open0.526,closeprice0.53,dfname2023-07-31_18:25:00,starttime2023-07-31_18:29:57.63,exittime18:37:47.51,exitreasonReason: StopLoss0.80%,postypeJUMP4POS,critStrcritFAIL(2.5%&30%) critGain=`0.96%`, critPlBk=`28.57%`
TROYUSDT,5m,open0.002817,closeprice0.002849,dfname2023-07-31_18:35:00,starttime2023-07-31_18:39:57.01,exittime18:41:45.94,exitreasonReason: StopLoss2.16%,postypeJUMP5POS,critStrcritFAIL(2.5%&30%) critGain=`2.25%`, critPlBk=`7.46%`
TROYUSDT,5m,open0.002875,closeprice0.002855,dfname2023-07-31_18:40:00,starttime2023-07-31_18:44:57.82,exittime18:45:18.33,exitreasonReason: StopLoss-0.50%,postypeJUMP3POS,critStrcritPASS critGain=`3.30%`, critPlBk=`8.82%`
PSGUSDT,5m,open4.02,closeprice4.02,dfname2023-07-31_19:00:00,starttime2023-07-31_19:04:57.65,exittime19:11:01.46,exitreasonReason: StopLoss0.25%,postypeJUMP3POS,critStrcritFAIL(2.5%&30%) critGain=`1.01%`, critPlBk=`20.00%`
CELOUSDT,5m,open0.525,closeprice0.522,dfname2023-07-31_19:20:00,starttime2023-07-31_19:24:58.02,exittime19:26:19.83,exitreasonReason: StopLoss-0.50%,postypeJUMP3POS,critStrcritFAIL(2.5%&30%) critGain=`0.57%`, critPlBk=`0.00%`
ASRUSDT,5m,open3.073,closeprice3.04,dfname2023-07-31_19:45:00,starttime2023-07-31_19:49:57.97,exittime19:50:08.55,exitreasonReason: StopLoss-0.50%,postypeTopPos_Jump1,critStrcritPASS critGain=`4.88%`, critPlBk=`4.03%`
ALPINEUSDT,5m,open2.097,closeprice2.101,dfname2023-07-31_19:45:00,starttime2023-07-31_19:49:59.94,exittime19:56:43.71,exitreasonReason: StopLoss0.22%,postypeJUMP2POS,critStrcritFAIL(2.5%&30%) critGain=`0.53%`, critPlBk=`0.00%`
VGXUSDT,5m,open0.1959,closeprice0.1973,dfname2023-07-31_20:00:00,starttime2023-07-31_20:04:57.45,exittime20:06:35.70,exitreasonReason: StopLoss0.80%,postypeJUMP14POS,critStrcritFAIL(2.5%&30%) critGain=`1.40%`, critPlBk=`6.90%`
BARUSDT,5m,open2.74,closeprice2.74,dfname2023-07-31_19:05:00,starttime2023-07-31_19:09:58.22,exittime20:20:55.28,exitreasonReason: StopLoss0.01%,postypeJUMP2POS,critStrcritFAIL(2.5%&30%) critGain=`0.66%`, critPlBk=`0.00%`
ACAUSDT,5m,open0.0693,closeprice0.0702,dfname2023-07-31_20:15:00,starttime2023-07-31_20:19:57.68,exittime20:22:37.64,exitreasonReason: StopLoss1.52%,postypeJUMP8POS,critStrcritFAIL(2.5%&30%) critGain=`1.76%`, critPlBk=`0.00%`
ACAUSDT,5m,open0.0706,closeprice0.0702,dfname2023-07-31_20:20:00,starttime2023-07-31_20:24:57.48,exittime20:25:18.03,exitreasonReason: StopLoss-0.50%,postypeJUMP4POS,critStrcritFAIL(2.5%&30%) critGain=`2.31%`, critPlBk=`30.43%`
PONDUSDT,5m,open0.00869,closeprice0.00877,dfname2023-07-31_20:25:00,starttime2023-07-31_20:29:57.11,exittime20:32:36.50,exitreasonReason: StopLoss1.11%,postypeJUMP5POS,critStrcritFAIL(2.5%&30%) critGain=`1.28%`, critPlBk=`0.00%`
TROYUSDT,5m,open0.002775,closeprice0.002796,dfname2023-07-31_20:20:00,starttime2023-07-31_20:24:58.00,exittime20:34:34.82,exitreasonReason: StopLoss0.80%,postypeJUMP5POS,critStrcritFAIL(2.5%&30%) critGain=`0.62%`, critPlBk=`5.56%`
PONDUSDT,5m,open0.00879,closeprice0.00874,dfname2023-07-31_20:30:00,starttime2023-07-31_20:34:57.78,exittime20:36:14.29,exitreasonReason: StopLoss-0.50%,postypeJUMP2POS,critStrcritFAIL(2.5%&30%) critGain=`0.92%`, critPlBk=`50.00%`
HIGHUSDT,5m,open1.205,closeprice1.198,dfname2023-07-31_20:35:00,starttime2023-07-31_20:39:57.69,exittime20:47:31.14,exitreasonReason: StopLoss-0.50%,postypeJUMP6POS,critStrcritFAIL(2.5%&30%) critGain=`1.09%`, critPlBk=`7.14%`
MOBUSDT,5m,open0.732,closeprice0.728,dfname2023-07-31_20:00:00,starttime2023-07-31_20:04:57.87,exittime20:50:02.61,exitreasonReason: StopLoss-0.50%,postypeJUMP2POS,critStrcritFAIL(2.5%&30%) critGain=`0.69%`, critPlBk=`0.00%`
CAKEUSDT,5m,open1.629,closeprice1.607,dfname2023-07-31_21:00:00,starttime2023-07-31_21:04:57.66,exittime21:05:08.02,exitreasonReason: StopLoss-0.50%,postypeJUMP20POS,critStrcritPASS critGain=`8.13%`, critPlBk=`18.12%`
WANUSDT,5m,open0.2409,closeprice0.2395,dfname2023-07-31_21:20:00,starttime2023-07-31_21:24:57.58,exittime21:25:43.56,exitreasonReason: StopLoss-0.50%,postypeJUMP3POS,critStrcritFAIL(2.5%&30%) critGain=`0.54%`, critPlBk=`35.00%`
AKROUSDT,5m,open0.0056,closeprice0.00557,dfname2023-07-31_22:30:00,starttime2023-07-31_22:34:58.35,exittime22:34:58.52,exitreasonReason: StopLoss-0.50%,postypeJUMP20POS,critStrcritPASS critGain=`9.28%`, critPlBk=`17.24%`
PONDUSDT,5m,open0.00848,closeprice0.00849,dfname2023-07-31_22:25:00,starttime2023-07-31_22:29:57.14,exittime22:41:21.07,exitreasonReason: StopLoss0.21%,postypeJUMP2POS,critStrcritFAIL(2.5%&30%) critGain=`0.95%`, critPlBk=`0.00%`
WANUSDT,5m,open0.2379,closeprice0.2367,dfname2023-07-31_22:45:00,starttime2023-07-31_22:49:58.20,exittime22:52:21.01,exitreasonReason: StopLoss-0.50%,postypeJUMP20POS,critStrcritFAIL(2.5%&30%) critGain=`0.68%`, critPlBk=`36.00%`
AKROUSDT,5m,open0.00578,closeprice0.00575,dfname2023-07-31_22:50:00,starttime2023-07-31_22:54:57.34,exittime22:54:57.52,exitreasonReason: StopLoss-0.50%,postypeTopPos_Jump1,critStrcritPASS critGain=`3.75%`, critPlBk=`16.00%`
ALPACAUSDT,5m,open0.1492,closeprice0.1475,dfname2023-07-31_22:55:00,starttime2023-07-31_22:59:57.23,exittime23:00:07.74,exitreasonReason: StopLoss-0.50%,postypeJUMP8POS,critStrcritFAIL(2.5%&30%) critGain=`1.92%`, critPlBk=`28.21%`
ALPACAUSDT,5m,open0.152,closeprice0.1551,dfname2023-07-31_23:00:00,starttime2023-07-31_23:04:57.74,exittime23:05:08.08,exitreasonReason: TakeProf1.50%,postypeJUMP4POS,critStrcritFAIL(2.5%&30%) critGain=`2.01%`, critPlBk=`0.00%`
LSKUSDT,5m,open0.896,closeprice0.903,dfname2023-07-31_21:55:00,starttime2023-07-31_21:59:58.68,exittime23:15:01.07,exitreasonReason: StopLoss0.80%,postypeJUMP3POS,critStrcritFAIL(2.5%&30%) critGain=`0.68%`, critPlBk=`0.00%`
WANUSDT,5m,open0.2405,closeprice0.2423,dfname2023-07-31_23:10:00,starttime2023-07-31_23:14:58.18,exittime23:19:39.65,exitreasonReason: StopLoss0.80%,postypeJUMP5POS,critStrcritFAIL(2.5%&30%) critGain=`1.60%`, critPlBk=`13.64%`
LSKUSDT,5m,open0.906,closeprice0.901,dfname2023-07-31_23:10:00,starttime2023-07-31_23:14:57.67,exittime23:22:46.47,exitreasonReason: StopLoss-0.50%,postypeJUMP2POS,critStrcritFAIL(2.5%&30%) critGain=`0.56%`, critPlBk=`37.50%`
ALPACAUSDT,5m,open0.1649,closeprice0.1638,dfname2023-07-31_23:20:00,starttime2023-07-31_23:24:57.71,exittime23:25:18.25,exitreasonReason: StopLoss-0.50%,postypeTopPos_Jump1,critStrcritPASS critGain=`5.52%`, critPlBk=`4.44%`
HIGHUSDT,5m,open1.211,closeprice1.204,dfname2023-07-31_23:25:00,starttime2023-07-31_23:29:57.43,exittime23:31:24.16,exitreasonReason: StopLoss-0.50%,postypeJUMP5POS,critStrcritFAIL(2.5%&30%) critGain=`1.00%`, critPlBk=`42.86%`
LSKUSDT,5m,open0.909,closeprice0.91,dfname2023-07-31_23:25:00,starttime2023-07-31_23:29:58.35,exittime23:33:53.59,exitreasonReason: StopLoss0.16%,postypeJUMP3POS,critStrcritFAIL(2.5%&30%) critGain=`0.67%`, critPlBk=`25.00%`
PONDUSDT,5m,open0.00858,closeprice0.00892,dfname2023-07-31_23:50:00,starttime2023-07-31_23:54:57.77,exittime00:02:44.53,exitreasonReason: StopLoss4.05%,postypeJUMP5POS,critStrcritFAIL(2.5%&30%) critGain=`1.18%`, critPlBk=`16.67%`
PONDUSDT,5m,open0.0089,closeprice0.00881,dfname2023-08-01_00:00:00,starttime2023-08-01_00:04:57.01,exittime00:05:07.35,exitreasonReason: StopLoss-0.50%,postypeJUMP4POS,critStrcritFAIL(2.5%&30%) critGain=`3.14%`, critPlBk=`38.64%`
YGGUSDT,5m,open0.1786,closeprice0.1776,dfname2023-08-01_00:30:00,starttime2023-08-01_00:34:57.40,exittime00:36:44.46,exitreasonReason: StopLoss-0.50%,postypeJUMP5POS,critStrcritFAIL(2.5%&30%) critGain=`1.25%`, critPlBk=`4.35%`
UNFIUSDT,5m,open3.468,closeprice3.468,dfname2023-08-01_00:00:00,starttime2023-08-01_00:04:57.65,exittime00:38:15.64,exitreasonReason: StopLoss0.02%,postypeJUMP3POS,critStrcritFAIL(2.5%&30%) critGain=`0.76%`, critPlBk=`3.70%`
UNFIUSDT,5m,open3.478,closeprice3.46,dfname2023-08-01_00:25:00,starttime2023-08-01_00:29:57.41,exittime00:53:17.52,exitreasonReason: StopLoss-0.50%,postypeJUMP2POS,critStrcritFAIL(2.5%&30%) critGain=`0.66%`, critPlBk=`8.00%`
AKROUSDT,5m,open0.00553,closeprice0.00548,dfname2023-08-01_00:55:00,starttime2023-08-01_00:59:58.11,exittime01:03:11.73,exitreasonReason: StopLoss-0.50%,postypeJUMP2POS,critStrcritFAIL(2.5%&30%) critGain=`0.91%`, critPlBk=`44.44%`
TROYUSDT,5m,open0.002775,closeprice0.002774,dfname2023-08-01_01:15:00,starttime2023-08-01_01:19:57.34,exittime01:23:42.13,exitreasonReason: StopLoss0.00%,postypeJUMP2POS,critStrcritFAIL(2.5%&30%) critGain=`0.87%`, critPlBk=`25.00%`
PONDUSDT,5m,open0.00876,closeprice0.00871,dfname2023-08-01_01:25:00,starttime2023-08-01_01:29:57.76,exittime01:30:48.85,exitreasonReason: StopLoss-0.50%,postypeJUMP4POS,critStrcritFAIL(2.5%&30%) critGain=`1.39%`, critPlBk=`0.00%`
AVAUSDT,5m,open0.589,closeprice0.599,dfname2023-08-01_01:50:00,starttime2023-08-01_01:54:57.33,exittime01:58:58.30,exitreasonReason: StopLoss1.71%,postypeJUMP3POS,critStrcritFAIL(2.5%&30%) critGain=`1.03%`, critPlBk=`14.29%`
SUSHIUSDT,5m,open0.711,closeprice0.707,dfname2023-08-01_02:00:00,starttime2023-08-01_02:04:57.80,exittime02:05:13.40,exitreasonReason: StopLoss-0.50%,postypeJUMP9POS,critStrcritFAIL(2.5%&30%) critGain=`1.71%`, critPlBk=`47.83%`
TROYUSDT,5m,open0.00279,closeprice0.002776,dfname2023-08-01_02:05:00,starttime2023-08-01_02:09:57.44,exittime02:10:38.48,exitreasonReason: StopLoss-0.50%,postypeJUMP2POS,critStrcritFAIL(2.5%&30%) critGain=`1.12%`, critPlBk=`3.13%`
PONDUSDT,5m,open0.00872,closeprice0.00867,dfname2023-08-01_02:15:00,starttime2023-08-01_02:19:57.97,exittime02:22:05.36,exitreasonReason: StopLoss-0.50%,postypeJUMP3POS,critStrcritFAIL(2.5%&30%) critGain=`0.81%`, critPlBk=`46.15%`
SPELLUSDT,5m,open0.0004847,closeprice0.0004847,dfname2023-08-01_02:30:00,starttime2023-08-01_02:34:57.79,exittime02:45:15.62,exitreasonReason: StopLoss0.04%,postypeJUMP2POS,critStrcritFAIL(2.5%&30%) critGain=`0.52%`, critPlBk=`13.79%`
MDXUSDT,5m,open0.0712,closeprice0.0707,dfname2023-08-01_02:40:00,starttime2023-08-01_02:44:57.45,exittime02:45:17.96,exitreasonReason: StopLoss-0.50%,postypeJUMP20POS,critStrcritFAIL(2.5%&30%) critGain=`1.86%`, critPlBk=`23.53%`
MDXUSDT,5m,open0.0746,closeprice0.0741,dfname2023-08-01_02:50:00,starttime2023-08-01_02:54:57.53,exittime02:55:23.24,exitreasonReason: StopLoss-0.50%,postypeJUMP8POS,critStrcritPASS critGain=`4.50%`, critPlBk=`5.88%`
ACAUSDT,5m,open0.0686,closeprice0.068,dfname2023-08-01_03:25:00,starttime2023-08-01_03:29:57.84,exittime03:30:13.27,exitreasonReason: StopLoss-0.50%,postypeJUMP7POS,critStrcritFAIL(2.5%&30%) critGain=`1.79%`, critPlBk=`7.69%`
AVAUSDT,5m,open0.6,closeprice0.596,dfname2023-08-01_03:30:00,starttime2023-08-01_03:34:56.93,exittime03:35:02.16,exitreasonReason: StopLoss-0.50%,postypeJUMP11POS,critStrcritPASS critGain=`3.10%`, critPlBk=`21.74%`
DCRUSDT,5m,open15.98,closeprice15.89,dfname2023-08-01_03:35:00,starttime2023-08-01_03:39:57.49,exittime03:39:57.64,exitreasonReason: StopLoss-0.50%,postypeJUMP20POS,critStrcritPASS critGain=`6.43%`, critPlBk=`6.73%`
EPXUSDT,5m,open0.0002216,closeprice0.0002201,dfname2023-08-01_03:35:00,starttime2023-08-01_03:39:58.01,exittime03:40:28.80,exitreasonReason: StopLoss-0.50%,postypeJUMP7POS,critStrcritFAIL(2.5%&30%) critGain=`1.75%`, critPlBk=`13.64%`
WNXMUSDT,5m,open33.26,closeprice34.11,dfname2023-08-01_03:40:00,starttime2023-08-01_03:44:57.15,exittime03:45:24.50,exitreasonReason: StopLoss2.90%,postypeJUMP20POS,critStrcritPASS critGain=`5.52%`, critPlBk=`11.73%`
EPXUSDT,5m,open0.0002231,closeprice0.0002215,dfname2023-08-01_03:55:00,starttime2023-08-01_03:59:57.39,exittime04:00:17.94,exitreasonReason: StopLoss-0.50%,postypeJUMP20POS,critStrcritPASS critGain=`6.59%`, critPlBk=`0.70%`
MDXUSDT,5m,open0.0715,closeprice0.071,dfname2023-08-01_04:50:00,starttime2023-08-01_04:54:57.18,exittime04:55:12.62,exitreasonReason: StopLoss-0.50%,postypeJUMP2POS,critStrcritFAIL(2.5%&30%) critGain=`0.56%`, critPlBk=`0.00%`
POWRUSDT,5m,open0.1649,closeprice0.1649,dfname2023-08-01_05:30:00,starttime2023-08-01_05:34:57.66,exittime05:40:24.66,exitreasonReason: StopLoss0.05%,postypeJUMP2POS,critStrcritFAIL(2.5%&30%) critGain=`0.73%`, critPlBk=`7.69%`
TROYUSDT,5m,open0.002816,closeprice0.00279,dfname2023-08-01_06:00:00,starttime2023-08-01_06:04:57.88,exittime06:05:23.84,exitreasonReason: StopLoss-0.50%,postypeJUMP12POS,critStrcritPASS critGain=`3.32%`, critPlBk=`0.00%`
MDXUSDT,5m,open0.0729,closeprice0.0723,dfname2023-08-01_06:05:00,starttime2023-08-01_06:09:57.69,exittime06:10:53.87,exitreasonReason: StopLoss-0.50%,postypeJUMP4POS,critStrcritFAIL(2.5%&30%) critGain=`1.82%`, critPlBk=`7.14%`
AKROUSDT,5m,open0.00592,closeprice0.0059,dfname2023-08-01_06:10:00,starttime2023-08-01_06:14:57.78,exittime06:15:08.14,exitreasonReason: StopLoss-0.50%,postypeJUMP2POS,critStrcritPASS critGain=`5.01%`, critPlBk=`15.15%`
POWRUSDT,5m,open0.1656,closeprice0.1659,dfname2023-08-01_06:55:00,starttime2023-08-01_06:59:57.73,exittime07:06:40.12,exitreasonReason: StopLoss0.22%,postypeJUMP2POS,critStrcritFAIL(2.5%&30%) critGain=`0.55%`, critPlBk=`10.00%`
PONDUSDT,5m,open0.00881,closeprice0.00876,dfname2023-08-01_08:40:00,starttime2023-08-01_08:44:57.47,exittime08:46:44.49,exitreasonReason: StopLoss-0.50%,postypeJUMP3POS,critStrcritPASS critGain=`3.26%`, critPlBk=`0.00%`
DFUSDT,5m,open0.0399,closeprice0.0397,dfname2023-08-01_09:20:00,starttime2023-08-01_09:24:57.12,exittime09:24:57.28,exitreasonReason: StopLoss-0.50%,postypeJUMP7POS,critStrcritFAIL(2.5%&30%) critGain=`2.31%`, critPlBk=`30.77%`
PONDUSDT,5m,open0.00877,closeprice0.00878,dfname2023-08-01_09:35:00,starttime2023-08-01_09:39:57.14,exittime09:45:54.69,exitreasonReason: StopLoss0.18%,postypeJUMP2POS,critStrcritFAIL(2.5%&30%) critGain=`1.04%`, critPlBk=`0.00%`
YGGUSDT,5m,open0.1809,closeprice0.1798,dfname2023-08-01_10:25:00,starttime2023-08-01_10:29:57.29,exittime10:30:07.64,exitreasonReason: StopLoss-0.50%,postypeJUMP20POS,critStrcritPASS critGain=`2.85%`, critPlBk=`5.66%`
ARPAUSDT,5m,open0.05252,closeprice0.05225,dfname2023-08-01_10:35:00,starttime2023-08-01_10:39:57.78,exittime10:41:14.45,exitreasonReason: StopLoss-0.50%,postypeJUMP4POS,critStrcritFAIL(2.5%&30%) critGain=`1.29%`, critPlBk=`10.67%`
DFUSDT,5m,open0.0402,closeprice0.0398,dfname2023-08-01_11:00:00,starttime2023-08-01_11:04:57.60,exittime11:05:33.41,exitreasonReason: StopLoss-0.50%,postypeJUMP5POS,critStrcritPASS critGain=`3.08%`, critPlBk=`0.00%`
RAYUSDT,5m,open0.2164,closeprice0.2153,dfname2023-08-01_11:20:00,starttime2023-08-01_11:24:57.57,exittime11:25:13.01,exitreasonReason: StopLoss-0.50%,postypeJUMP5POS,critStrcritFAIL(2.5%&30%) critGain=`1.70%`, critPlBk=`16.28%`
RAYUSDT,5m,open0.2143,closeprice0.2123,dfname2023-08-01_12:00:00,starttime2023-08-01_12:04:57.49,exittime12:05:02.75,exitreasonReason: StopLoss-0.50%,postypeJUMP5POS,critStrcritFAIL(2.5%&30%) critGain=`2.20%`, critPlBk=`26.98%`
HIGHUSDT,5m,open1.189,closeprice1.182,dfname2023-08-01_12:20:00,starttime2023-08-01_12:24:57.42,exittime12:25:12.86,exitreasonReason: StopLoss-0.50%,postypeJUMP7POS,critStrcritFAIL(2.5%&30%) critGain=`1.11%`, critPlBk=`0.00%`
YGGUSDT,5m,open0.1791,closeprice0.1793,dfname2023-08-01_12:30:00,starttime2023-08-01_12:34:57.86,exittime12:45:40.34,exitreasonReason: StopLoss0.23%,postypeJUMP6POS,critStrcritFAIL(2.5%&30%) critGain=`1.13%`, critPlBk=`0.00%`
SPELLUSDT,5m,open0.000472,closeprice0.0004721,dfname2023-08-01_13:00:00,starttime2023-08-01_13:04:57.48,exittime13:14:38.83,exitreasonReason: StopLoss0.03%,postypeJUMP5POS,critStrcritFAIL(2.5%&30%) critGain=`0.51%`, critPlBk=`4.00%`
TWTUSDT,5m,open0.921,closeprice0.9264,dfname2023-08-01_13:10:00,starttime2023-08-01_13:15:01.28,exittime13:22:46.49,exitreasonReason: StopLoss0.80%,postypeJUMP2POS,critStrcritFAIL(2.5%&30%) critGain=`0.56%`, critPlBk=`20.31%`
RAYUSDT,5m,open0.2112,closeprice0.21,dfname2023-08-01_13:10:00,starttime2023-08-01_13:14:58.21,exittime13:23:27.60,exitreasonReason: StopLoss-0.50%,postypeJUMP2POS,critStrcritFAIL(2.5%&30%) critGain=`0.67%`, critPlBk=`12.50%`
STXUSDT,5m,open0.6072,closeprice0.6041,dfname2023-08-01_13:30:00,starttime2023-08-01_13:34:57.77,exittime13:40:08.66,exitreasonReason: StopLoss-0.50%,postypeJUMP6POS,critStrcritFAIL(2.5%&30%) critGain=`0.76%`, critPlBk=`11.54%`
RAYUSDT,5m,open0.2125,closeprice0.2114,dfname2023-08-01_13:40:00,starttime2023-08-01_13:44:57.27,exittime13:48:21.07,exitreasonReason: StopLoss-0.50%,postypeJUMP2POS,critStrcritFAIL(2.5%&30%) critGain=`0.62%`, critPlBk=`50.00%`
AUCTIONUSDT,5m,open6.65,closeprice6.7,dfname2023-08-01_13:45:00,starttime2023-08-01_13:49:57.31,exittime13:50:13.35,exitreasonReason: StopLoss0.80%,postypeJUMP20POS,critStrcritPASS critGain=`2.95%`, critPlBk=`5.00%`
HIGHUSDT,5m,open1.183,closeprice1.191,dfname2023-08-01_14:10:00,starttime2023-08-01_14:14:58.88,exittime14:16:11.18,exitreasonReason: StopLoss0.80%,postypeJUMP20POS,critStrcritFAIL(2.5%&30%) critGain=`1.63%`, critPlBk=`0.00%`
SPELLUSDT,5m,open0.0004783,closeprice0.0004759,dfname2023-08-01_14:10:00,starttime2023-08-01_14:14:58.30,exittime14:17:51.59,exitreasonReason: StopLoss-0.50%,postypeJUMP8POS,critStrcritFAIL(2.5%&30%) critGain=`1.49%`, critPlBk=`21.35%`
MLNUSDT,5m,open18.33,closeprice18.23,dfname2023-08-01_14:35:00,starttime2023-08-01_14:39:58.37,exittime14:42:41.44,exitreasonReason: StopLoss-0.50%,postypeJUMP5POS,critStrcritFAIL(2.5%&30%) critGain=`0.72%`, critPlBk=`18.75%`
HIGHUSDT,5m,open1.214,closeprice1.214,dfname2023-08-01_15:20:00,starttime2023-08-01_15:24:57.51,exittime15:30:14.15,exitreasonReason: StopLoss0.16%,postypeJUMP3POS,critStrcritFAIL(2.5%&30%) critGain=`0.83%`, critPlBk=`16.67%`
AMPUSDT,5m,open0.002386,closeprice0.002374,dfname2023-08-01_16:10:00,starttime2023-08-01_16:14:57.88,exittime16:15:13.33,exitreasonReason: StopLoss-0.50%,postypeJUMP20POS,critStrcritFAIL(2.5%&30%) critGain=`5.05%`, critPlBk=`47.96%`
STXUSDT,5m,open0.6201,closeprice0.6204,dfname2023-08-01_16:20:00,starttime2023-08-01_16:24:59.63,exittime16:30:56.70,exitreasonReason: StopLoss0.10%,postypeJUMP6POS,critStrcritFAIL(2.5%&30%) critGain=`1.36%`, critPlBk=`11.70%`
HIGHUSDT,5m,open1.233,closeprice1.241,dfname2023-08-01_16:15:00,starttime2023-08-01_16:19:57.61,exittime16:32:38.06,exitreasonReason: StopLoss0.80%,postypeJUMP3POS,critStrcritFAIL(2.5%&30%) critGain=`1.40%`, critPlBk=`22.73%`
AMPUSDT,5m,open0.002407,closeprice0.002421,dfname2023-08-01_16:45:00,starttime2023-08-01_16:49:57.99,exittime16:51:00.11,exitreasonReason: StopLoss0.80%,postypeJUMP2POS,critStrcritFAIL(2.5%&30%) critGain=`2.68%`, critPlBk=`33.68%`
TWTUSDT,5m,open0.93,closeprice0.9373,dfname2023-08-01_16:50:00,starttime2023-08-01_16:54:57.51,exittime17:10:20.56,exitreasonReason: StopLoss0.80%,postypeJUMP2POS,critStrcritFAIL(2.5%&30%) critGain=`0.55%`, critPlBk=`15.00%`
POWRUSDT,5m,open0.1728,closeprice0.1726,dfname2023-08-01_17:20:00,starttime2023-08-01_17:24:57.98,exittime17:26:15.02,exitreasonReason: StopLoss0.08%,postypeJUMP6POS,critStrcritPASS critGain=`3.61%`, critPlBk=`11.76%`
MDXUSDT,5m,open0.0701,closeprice0.0696,dfname2023-08-01_17:35:00,starttime2023-08-01_17:39:57.05,exittime17:40:02.32,exitreasonReason: StopLoss-0.50%,postypeJUMP20POS,critStrcritFAIL(2.5%&30%) critGain=`2.92%`, critPlBk=`44.44%`
MLNUSDT,5m,open19.26,closeprice19.55,dfname2023-08-01_18:05:00,starttime2023-08-01_18:09:57.37,exittime18:12:52.39,exitreasonReason: StopLoss1.52%,postypeJUMP5POS,critStrcritPASS critGain=`3.17%`, critPlBk=`0.00%`
MDXUSDT,5m,open0.0704,closeprice0.07,dfname2023-08-01_18:15:00,starttime2023-08-01_18:19:58.01,exittime18:24:33.01,exitreasonReason: StopLoss-0.50%,postypeJUMP4POS,critStrcritFAIL(2.5%&30%) critGain=`0.72%`, critPlBk=`16.67%`
BTSUSDT,5m,open0.0101,closeprice0.01004,dfname2023-08-01_18:40:00,starttime2023-08-01_18:44:57.35,exittime18:45:17.88,exitreasonReason: StopLoss-0.50%,postypeJUMP12POS,critStrcritFAIL(2.5%&30%) critGain=`3.37%`, critPlBk=`35.29%`
AMPUSDT,5m,open0.00241,closeprice0.002397,dfname2023-08-01_19:45:00,starttime2023-08-01_19:49:58.87,exittime19:51:25.89,exitreasonReason: StopLoss-0.50%,postypeJUMP2POS,critStrcritFAIL(2.5%&30%) critGain=`1.48%`, critPlBk=`40.68%`
QTUMUSDT,5m,open2.675,closeprice2.716,dfname2023-08-01_19:40:00,starttime2023-08-01_19:44:57.64,exittime19:51:31.58,exitreasonReason: StopLoss1.56%,postypeJUMP8POS,critStrcritFAIL(2.5%&30%) critGain=`1.41%`, critPlBk=`19.57%`
ERNUSDT,5m,open1.809,closeprice1.799,dfname2023-08-01_20:20:00,starttime2023-08-01_20:24:57.44,exittime20:25:28.17,exitreasonReason: StopLoss-0.50%,postypeJUMP2POS,critStrcritFAIL(2.5%&30%) critGain=`2.26%`, critPlBk=`4.76%`
UNFIUSDT,5m,open3.575,closeprice3.556,dfname2023-08-01_20:30:00,starttime2023-08-01_20:34:57.61,exittime20:39:58.33,exitreasonReason: StopLoss-0.50%,postypeJUMP3POS,critStrcritFAIL(2.5%&30%) critGain=`0.88%`, critPlBk=`29.55%`
RPLUSDT,5m,open30.57,closeprice30.37,dfname2023-08-01_21:40:00,starttime2023-08-01_21:44:57.73,exittime21:48:26.97,exitreasonReason: StopLoss-0.50%,postypeJUMP2POS,critStrcritFAIL(2.5%&30%) critGain=`0.56%`, critPlBk=`15.00%`
TRBUSDT,5m,open12.46,closeprice12.55,dfname2023-08-01_19:45:00,starttime2023-08-01_19:49:59.39,exittime21:55:30.46,exitreasonReason: StopLoss0.80%,postypeJUMP3POS,critStrcritFAIL(2.5%&30%) critGain=`0.73%`, critPlBk=`18.18%`
QTUMUSDT,5m,open2.755,closeprice2.736,dfname2023-08-01_22:05:00,starttime2023-08-01_22:09:57.09,exittime22:13:46.52,exitreasonReason: StopLoss-0.50%,postypeJUMP2POS,critStrcritFAIL(2.5%&30%) critGain=`0.84%`, critPlBk=`20.69%`
VOXELUSDT,5m,open0.1362,closeprice0.1354,dfname2023-08-01_22:35:00,starttime2023-08-01_22:39:57.23,exittime22:40:02.66,exitreasonReason: StopLoss-0.50%,postypeJUMP9POS,critStrcritFAIL(2.5%&30%) critGain=`2.07%`, critPlBk=`3.45%`
AMPUSDT,5m,open0.002582,closeprice0.002563,dfname2023-08-01_23:35:00,starttime2023-08-01_23:39:59.03,exittime23:40:14.62,exitreasonReason: StopLoss-0.50%,postypeTopPos_Jump2,critStrcritPASS critGain=`2.91%`, critPlBk=`20.65%`
YGGUSDT,5m,open0.181,closeprice0.1829,dfname2023-08-01_23:30:00,starttime2023-08-01_23:34:57.78,exittime00:01:59.68,exitreasonReason: StopLoss1.10%,postypeJUMP2POS,critStrcritFAIL(2.5%&30%) critGain=`0.72%`, critPlBk=`18.75%`
FXSUSDT,5m,open6.196,closeprice6.163,dfname2023-08-02_00:05:00,starttime2023-08-02_00:09:57.80,exittime00:13:52.28,exitreasonReason: StopLoss-0.50%,postypeJUMP5POS,critStrcritFAIL(2.5%&30%) critGain=`1.29%`, critPlBk=`18.56%`
WRXUSDT,5m,open0.1258,closeprice0.125,dfname2023-08-02_01:45:00,starttime2023-08-02_01:49:57.89,exittime01:50:18.42,exitreasonReason: StopLoss-0.50%,postypeJUMP8POS,critStrcritFAIL(2.5%&30%) critGain=`1.95%`, critPlBk=`0.00%`
WRXUSDT,5m,open0.1292,closeprice0.1281,dfname2023-08-02_01:50:00,starttime2023-08-02_01:54:57.11,exittime01:55:12.57,exitreasonReason: StopLoss-0.50%,postypeJUMP5POS,critStrcritFAIL(2.5%&30%) critGain=`2.54%`, critPlBk=`38.46%`
YGGUSDT,5m,open0.187,closeprice0.187,dfname2023-08-02_02:00:00,starttime2023-08-02_02:04:57.48,exittime02:05:28.66,exitreasonReason: StopLoss0.09%,postypeJUMP6POS,critStrcritFAIL(2.5%&30%) critGain=`2.02%`, critPlBk=`0.00%`
MKRUSDT,5m,open1301,closeprice1323,dfname2023-08-02_02:05:00,starttime2023-08-02_02:09:57.22,exittime02:46:24.18,exitreasonReason: StopLoss1.73%,postypeJUMP2POS,critStrcritFAIL(2.5%&30%) critGain=`0.54%`, critPlBk=`41.67%`
MKRUSDT,5m,open1311,closeprice1320,dfname2023-08-02_02:30:00,starttime2023-08-02_02:34:58.80,exittime02:46:32.25,exitreasonReason: StopLoss0.80%,postypeJUMP2POS,critStrcritFAIL(2.5%&30%) critGain=`0.92%`, critPlBk=`40.00%`
YGGUSDT,5m,open0.1866,closeprice0.1876,dfname2023-08-02_03:45:00,starttime2023-08-02_03:49:57.94,exittime03:53:48.51,exitreasonReason: StopLoss0.80%,postypeJUMP3POS,critStrcritFAIL(2.5%&30%) critGain=`1.14%`, critPlBk=`25.00%`
AUCTIONUSDT,5m,open6.49,closeprice6.45,dfname2023-08-02_03:50:00,starttime2023-08-02_03:54:57.02,exittime03:55:22.81,exitreasonReason: StopLoss-0.50%,postypeJUMP8POS,critStrcritFAIL(2.5%&30%) critGain=`2.20%`, critPlBk=`0.00%`
ERNUSDT,5m,open1.826,closeprice1.81,dfname2023-08-02_06:00:00,starttime2023-08-02_06:04:57.55,exittime06:05:28.42,exitreasonReason: StopLoss-0.50%,postypeJUMP4POS,critStrcritFAIL(2.5%&30%) critGain=`2.25%`, critPlBk=`25.93%`
FORTHUSDT,5m,open3.2,closeprice3.178,dfname2023-08-02_06:30:00,starttime2023-08-02_06:34:57.31,exittime06:35:12.75,exitreasonReason: StopLoss-0.50%,postypeJUMP7POS,critStrcritPASS critGain=`3.34%`, critPlBk=`9.65%`
CRVUSDT,5m,open0.603,closeprice0.613,dfname2023-08-02_07:05:00,starttime2023-08-02_07:09:57.16,exittime07:38:56.40,exitreasonReason: StopLoss1.99%,postypeJUMP2POS,critStrcritFAIL(2.5%&30%) critGain=`1.01%`, critPlBk=`14.29%`
QTUMUSDT,5m,open2.824,closeprice2.809,dfname2023-08-02_08:00:00,starttime2023-08-02_08:04:57.56,exittime08:05:07.90,exitreasonReason: StopLoss-0.50%,postypeJUMP4POS,critStrcritPASS critGain=`2.65%`, critPlBk=`3.95%`
AKROUSDT,5m,open0.00628,closeprice0.00626,dfname2023-08-02_08:10:00,starttime2023-08-02_08:14:57.70,exittime08:15:19.18,exitreasonReason: StopLoss0.80%,postypeJUMP20POS,critStrcritPASS critGain=`5.73%`, critPlBk=`10.53%`
QTUMUSDT,5m,open2.894,closeprice2.879,dfname2023-08-02_08:15:00,starttime2023-08-02_08:19:57.34,exittime08:20:07.68,exitreasonReason: StopLoss-0.50%,postypeJUMP5POS,critStrcritPASS critGain=`2.96%`, critPlBk=`6.74%`
AKROUSDT,5m,open0.00712,closeprice0.00719,dfname2023-08-02_08:40:00,starttime2023-08-02_08:44:57.86,exittime08:46:16.60,exitreasonReason: StopLoss2.03%,postypeTopPos_Jump1,critStrcritPASS critGain=`10.71%`, critPlBk=`9.21%`
STMXUSDT,5m,open0.006361,closeprice0.006361,dfname2023-08-02_09:35:00,starttime2023-08-02_09:39:57.71,exittime09:41:35.30,exitreasonReason: StopLoss0.02%,postypeJUMP20POS,critStrcritFAIL(2.5%&30%) critGain=`1.79%`, critPlBk=`0.00%`
STMXUSDT,5m,open0.006492,closeprice0.006498,dfname2023-08-02_09:40:00,starttime2023-08-02_09:44:57.32,exittime09:46:04.21,exitreasonReason: StopLoss0.10%,postypeJUMP2POS,critStrcritFAIL(2.5%&30%) critGain=`1.73%`, critPlBk=`32.10%`
STMXUSDT,5m,open0.006695,closeprice0.006699,dfname2023-08-02_10:40:00,starttime2023-08-02_10:44:58.42,exittime10:47:06.31,exitreasonReason: StopLoss0.07%,postypeJUMP4POS,critStrcritFAIL(2.5%&30%) critGain=`1.66%`, critPlBk=`23.24%`
CRVUSDT,5m,open0.6,closeprice0.596,dfname2023-08-02_11:25:00,starttime2023-08-02_11:29:58.83,exittime11:35:04.66,exitreasonReason: StopLoss-0.50%,postypeJUMP3POS,critStrcritFAIL(2.5%&30%) critGain=`0.67%`, critPlBk=`0.00%`
MTLUSDT,5m,open1.44,closeprice1.44,dfname2023-08-02_10:20:00,starttime2023-08-02_10:24:59.14,exittime11:36:55.97,exitreasonReason: StopLoss0.06%,postypeJUMP2POS,critStrcritFAIL(2.5%&30%) critGain=`0.91%`, critPlBk=`40.91%`
ERNUSDT,5m,open1.814,closeprice1.803,dfname2023-08-02_12:05:00,starttime2023-08-02_12:09:57.79,exittime12:12:20.61,exitreasonReason: StopLoss-0.50%,postypeJUMP2POS,critStrcritFAIL(2.5%&30%) critGain=`0.72%`, critPlBk=`7.14%`
MULTIUSDT,5m,open1.92,closeprice1.91,dfname2023-08-02_13:15:00,starttime2023-08-02_13:19:57.91,exittime13:19:58.08,exitreasonReason: StopLoss-0.50%,postypeJUMP2POS,critStrcritFAIL(2.5%&30%) critGain=`2.12%`, critPlBk=`0.00%`
MULTIUSDT,5m,open1.94,closeprice1.93,dfname2023-08-02_14:00:00,starttime2023-08-02_14:04:57.86,exittime14:04:58.03,exitreasonReason: StopLoss-0.50%,postypeJUMP3POS,critStrcritFAIL(2.5%&30%) critGain=`1.57%`, critPlBk=`0.00%`
OGNUSDT,5m,open0.1085,closeprice0.1085,dfname2023-08-02_14:00:00,starttime2023-08-02_14:04:57.64,exittime14:06:14.86,exitreasonReason: StopLoss0.05%,postypeJUMP3POS,critStrcritFAIL(2.5%&30%) critGain=`1.79%`, critPlBk=`17.39%`
OGNUSDT,5m,open0.1064,closeprice0.1083,dfname2023-08-02_13:55:00,starttime2023-08-02_13:59:57.49,exittime14:08:08.92,exitreasonReason: StopLoss1.94%,postypeJUMP9POS,critStrcritFAIL(2.5%&30%) critGain=`2.11%`, critPlBk=`21.43%`
MULTIUSDT,5m,open2.01,closeprice1.99,dfname2023-08-02_14:15:00,starttime2023-08-02_14:19:57.09,exittime14:20:02.35,exitreasonReason: StopLoss-0.50%,postypeJUMP5POS,critStrcritPASS critGain=`3.08%`, critPlBk=`25.00%`
ERNUSDT,5m,open1.808,closeprice1.809,dfname2023-08-02_14:05:00,starttime2023-08-02_14:09:57.76,exittime15:05:06.07,exitreasonReason: StopLoss0.11%,postypeJUMP2POS,critStrcritFAIL(2.5%&30%) critGain=`0.50%`, critPlBk=`18.18%`
MCUSDT,5m,open0.1991,closeprice0.1976,dfname2023-08-02_15:25:00,starttime2023-08-02_15:29:58.63,exittime15:30:03.88,exitreasonReason: StopLoss-0.50%,postypeJUMP2POS,critStrcritFAIL(2.5%&30%) critGain=`2.16%`, critPlBk=`8.70%`
MCUSDT,5m,open0.2046,closeprice0.2034,dfname2023-08-02_15:35:00,starttime2023-08-02_15:39:58.20,exittime15:40:13.64,exitreasonReason: StopLoss-0.50%,postypeJUMP4POS,critStrcritPASS critGain=`3.61%`, critPlBk=`16.47%`
POLSUSDT,5m,open0.3356,closeprice0.3331,dfname2023-08-02_16:05:00,starttime2023-08-02_16:09:57.27,exittime16:10:07.63,exitreasonReason: StopLoss-0.50%,postypeJUMP7POS,critStrcritPASS critGain=`4.49%`, critPlBk=`14.29%`
BURGERUSDT,5m,open0.4102,closeprice0.4052,dfname2023-08-02_16:30:00,starttime2023-08-02_16:34:57.74,exittime16:35:13.19,exitreasonReason: StopLoss-0.50%,postypeJUMP6POS,critStrcritPASS critGain=`3.77%`, critPlBk=`5.70%`
OXTUSDT,5m,open0.0543,closeprice0.0558,dfname2023-08-02_16:45:00,starttime2023-08-02_16:49:57.40,exittime16:51:11.03,exitreasonReason: StopLoss3.37%,postypeJUMP20POS,critStrcritFAIL(2.5%&30%) critGain=`6.31%`, critPlBk=`38.46%`
AVAUSDT,5m,open0.61,closeprice0.605,dfname2023-08-02_17:30:00,starttime2023-08-02_17:34:58.31,exittime17:35:44.33,exitreasonReason: StopLoss-0.50%,postypeJUMP4POS,critStrcritFAIL(2.5%&30%) critGain=`1.51%`, critPlBk=`30.77%`
BURGERUSDT,5m,open0.407,closeprice0.4048,dfname2023-08-02_17:55:00,starttime2023-08-02_17:59:57.55,exittime18:00:23.18,exitreasonReason: StopLoss-0.50%,postypeJUMP3POS,critStrcritFAIL(2.5%&30%) critGain=`2.03%`, critPlBk=`20.59%`
STMXUSDT,5m,open0.006506,closeprice0.006586,dfname2023-08-02_18:25:00,starttime2023-08-02_18:29:58.04,exittime18:32:32.27,exitreasonReason: StopLoss1.30%,postypeJUMP2POS,critStrcritFAIL(2.5%&30%) critGain=`1.05%`, critPlBk=`13.92%`
STMXUSDT,5m,open0.006585,closeprice0.006581,dfname2023-08-02_18:30:00,starttime2023-08-02_18:34:57.87,exittime18:37:16.29,exitreasonReason: StopLoss0.02%,postypeJUMP2POS,critStrcritFAIL(2.5%&30%) critGain=`1.31%`, critPlBk=`32.00%`
OXTUSDT,5m,open0.0565,closeprice0.056,dfname2023-08-02_19:35:00,starttime2023-08-02_19:39:56.96,exittime19:40:53.46,exitreasonReason: StopLoss-0.50%,postypeJUMP3POS,critStrcritFAIL(2.5%&30%) critGain=`1.25%`, critPlBk=`0.00%`
KNCUSDT,5m,open0.735,closeprice0.74,dfname2023-08-02_20:15:00,starttime2023-08-02_20:19:57.71,exittime20:24:18.60,exitreasonReason: StopLoss0.80%,postypeJUMP20POS,critStrcritPASS critGain=`2.65%`, critPlBk=`20.83%`
USTCUSDT,5m,open0.0159156,closeprice0.0161394,dfname2023-08-02_20:30:00,starttime2023-08-02_20:34:57.10,exittime20:38:37.47,exitreasonReason: StopLoss1.58%,postypeJUMP11POS,critStrcritPASS critGain=`5.12%`, critPlBk=`12.76%`
KNCUSDT,5m,open0.816,closeprice0.809,dfname2023-08-02_21:05:00,starttime2023-08-02_21:09:57.29,exittime21:10:18.14,exitreasonReason: StopLoss-0.50%,postypeJUMP5POS,critStrcritPASS critGain=`9.60%`, critPlBk=`20.00%`
FIOUSDT,5m,open0.02232,closeprice0.02219,dfname2023-08-02_21:10:00,starttime2023-08-02_21:14:57.79,exittime21:15:08.15,exitreasonReason: StopLoss-0.50%,postypeJUMP9POS,critStrcritPASS critGain=`3.10%`, critPlBk=`1.47%`
OXTUSDT,5m,open0.0545,closeprice0.0542,dfname2023-08-02_21:20:00,starttime2023-08-02_21:24:57.24,exittime21:30:08.54,exitreasonReason: StopLoss-0.50%,postypeJUMP2POS,critStrcritFAIL(2.5%&30%) critGain=`1.49%`, critPlBk=`27.27%`
MTLUSDT,5m,open1.476,closeprice1.487,dfname2023-08-02_21:40:00,starttime2023-08-02_21:44:57.34,exittime21:50:09.84,exitreasonReason: StopLoss0.80%,postypeJUMP4POS,critStrcritFAIL(2.5%&30%) critGain=`1.52%`, critPlBk=`26.67%`
MTLUSDT,5m,open1.49,closeprice1.482,dfname2023-08-02_21:45:00,starttime2023-08-02_21:49:59.02,exittime21:51:56.35,exitreasonReason: StopLoss-0.50%,postypeJUMP2POS,critStrcritFAIL(2.5%&30%) critGain=`1.15%`, critPlBk=`22.73%`
MCUSDT,5m,open0.1978,closeprice0.1967,dfname2023-08-02_21:50:00,starttime2023-08-02_21:54:57.33,exittime21:55:53.56,exitreasonReason: StopLoss-0.50%,postypeJUMP2POS,critStrcritFAIL(2.5%&30%) critGain=`0.97%`, critPlBk=`24.00%`
STMXUSDT,5m,open0.006286,closeprice0.006252,dfname2023-08-02_22:15:00,starttime2023-08-02_22:19:58.57,exittime22:20:50.03,exitreasonReason: StopLoss-0.50%,postypeJUMP5POS,critStrcritFAIL(2.5%&30%) critGain=`2.00%`, critPlBk=`25.45%`
MCUSDT,5m,open0.2058,closeprice0.2047,dfname2023-08-02_22:15:00,starttime2023-08-02_22:19:57.97,exittime22:21:04.33,exitreasonReason: StopLoss-0.50%,postypeJUMP5POS,critStrcritPASS critGain=`5.64%`, critPlBk=`9.02%`
BTSUSDT,5m,open0.01039,closeprice0.01032,dfname2023-08-02_22:25:00,starttime2023-08-02_22:29:57.39,exittime22:30:12.83,exitreasonReason: StopLoss-0.50%,postypeJUMP7POS,critStrcritPASS critGain=`3.05%`, critPlBk=`26.19%`
MCUSDT,5m,open0.2047,closeprice0.2022,dfname2023-08-02_22:55:00,starttime2023-08-02_22:59:57.50,exittime23:00:07.84,exitreasonReason: StopLoss-0.50%,postypeJUMP2POS,critStrcritFAIL(2.5%&30%) critGain=`2.98%`, critPlBk=`43.81%`
AMPUSDT,5m,open0.002687,closeprice0.002725,dfname2023-08-02_23:05:00,starttime2023-08-02_23:09:57.93,exittime23:16:57.88,exitreasonReason: StopLoss1.55%,postypeJUMP2POS,critStrcritFAIL(2.5%&30%) critGain=`2.01%`, critPlBk=`0.00%`
AMPUSDT,5m,open0.002726,closeprice0.002748,dfname2023-08-03_00:20:00,starttime2023-08-03_00:24:57.06,exittime00:26:04.37,exitreasonReason: StopLoss0.80%,postypeJUMP2POS,critStrcritFAIL(2.5%&30%) critGain=`0.93%`, critPlBk=`0.00%`
OGNUSDT,5m,open0.1097,closeprice0.109,dfname2023-08-03_00:25:00,starttime2023-08-03_00:29:57.64,exittime00:37:05.46,exitreasonReason: StopLoss-0.50%,postypeJUMP2POS,critStrcritFAIL(2.5%&30%) critGain=`0.92%`, critPlBk=`0.00%`
SNXUSDT,5m,open2.545,closeprice2.531,dfname2023-08-03_00:30:00,starttime2023-08-03_00:34:57.91,exittime00:51:45.78,exitreasonReason: StopLoss-0.50%,postypeJUMP4POS,critStrcritFAIL(2.5%&30%) critGain=`1.23%`, critPlBk=`24.39%`
ALPACAUSDT,5m,open0.1915,closeprice0.1922,dfname2023-08-03_00:55:00,starttime2023-08-03_00:59:57.59,exittime01:00:23.63,exitreasonReason: StopLoss0.80%,postypeJUMP20POS,critStrcritPASS critGain=`9.76%`, critPlBk=`7.65%`
REIUSDT,5m,open0.02644,closeprice0.02641,dfname2023-08-03_01:05:00,starttime2023-08-03_01:09:56.92,exittime01:11:24.24,exitreasonReason: StopLoss0.03%,postypeJUMP8POS,critStrcritPASS critGain=`5.30%`, critPlBk=`0.75%`
OXTUSDT,5m,open0.0554,closeprice0.0551,dfname2023-08-03_01:15:00,starttime2023-08-03_01:19:57.31,exittime01:20:28.02,exitreasonReason: StopLoss-0.50%,postypeJUMP4POS,critStrcritFAIL(2.5%&30%) critGain=`2.78%`, critPlBk=`31.82%`
OGNUSDT,5m,open0.1077,closeprice0.1071,dfname2023-08-03_01:15:00,starttime2023-08-03_01:19:57.81,exittime01:31:26.26,exitreasonReason: StopLoss-0.50%,postypeJUMP2POS,critStrcritFAIL(2.5%&30%) critGain=`0.56%`, critPlBk=`40.00%`
